[ 2017-04-07T13:39:38+08:00 ] 127.0.0.1 127.0.0.1 GET /public/
[ log ] local.company.com/public/ [运行时间：0.041003s][吞吐率：24.39req/s] [内存消耗：1,641.94kb] [文件加载：45]
[ info ] [ LANG ] E:\xampp\htdocs\local.company.com\thinkphp\lang\zh-cn.php
[ info ] [ ROUTE ] array (
  'type' => 'module',
  'module' => 
  array (
    0 => NULL,
    1 => '',
    2 => NULL,
  ),
)
[ info ] [ HEADER ] array (
  'host' => 'local.company.com',
  'user-agent' => 'Mozilla/5.0 (Windows NT 6.1; WOW64; rv:52.0) Gecko/20100101 Firefox/52.0',
  'accept' => 'text/html,application/xhtml+xml,application/xml;q=0.9,*/*;q=0.8',
  'accept-language' => 'zh-CN,zh;q=0.8,en-US;q=0.5,en;q=0.3',
  'accept-encoding' => 'gzip, deflate',
  'cookie' => 'pgv_pvi=2215779328',
  'connection' => 'keep-alive',
  'upgrade-insecure-requests' => '1',
)
[ info ] [ PARAM ] array (
)
[ info ] [ RUN ] app\controller\Index->index[ E:\xampp\htdocs\local.company.com\application\controller\Index.php ]
[ info ] [ VIEW ] ../template/default/index.html [ array (
) ]
[ info ] [ LOG ] INIT File

---------------------------------------------------------------
[ 2017-04-07T13:43:31+08:00 ] 127.0.0.1 127.0.0.1 GET /public/
[ log ] local.company.com/public/ [运行时间：0.023001s][吞吐率：43.48req/s] [内存消耗：1,642.02kb] [文件加载：45]
[ info ] [ LANG ] E:\xampp\htdocs\local.company.com\thinkphp\lang\zh-cn.php
[ info ] [ ROUTE ] array (
  'type' => 'module',
  'module' => 
  array (
    0 => NULL,
    1 => '',
    2 => NULL,
  ),
)
[ info ] [ HEADER ] array (
  'host' => 'local.company.com',
  'user-agent' => 'Mozilla/5.0 (Windows NT 6.1; WOW64; rv:52.0) Gecko/20100101 Firefox/52.0',
  'accept' => 'text/html,application/xhtml+xml,application/xml;q=0.9,*/*;q=0.8',
  'accept-language' => 'zh-CN,zh;q=0.8,en-US;q=0.5,en;q=0.3',
  'accept-encoding' => 'gzip, deflate',
  'cookie' => 'pgv_pvi=2215779328',
  'connection' => 'keep-alive',
  'upgrade-insecure-requests' => '1',
  'cache-control' => 'max-age=0',
)
[ info ] [ PARAM ] array (
)
[ info ] [ RUN ] app\controller\Index->index[ E:\xampp\htdocs\local.company.com\application\controller\Index.php ]
[ info ] [ VIEW ] ../template/default/index.html [ array (
) ]
[ info ] [ LOG ] INIT File

---------------------------------------------------------------
[ 2017-04-07T13:45:31+08:00 ] 127.0.0.1 127.0.0.1 GET /public/
[ log ] local.company.com/public/ [运行时间：0.023001s][吞吐率：43.48req/s] [内存消耗：1,642.02kb] [文件加载：45]
[ info ] [ LANG ] E:\xampp\htdocs\local.company.com\thinkphp\lang\zh-cn.php
[ info ] [ ROUTE ] array (
  'type' => 'module',
  'module' => 
  array (
    0 => NULL,
    1 => '',
    2 => NULL,
  ),
)
[ info ] [ HEADER ] array (
  'host' => 'local.company.com',
  'user-agent' => 'Mozilla/5.0 (Windows NT 6.1; WOW64; rv:52.0) Gecko/20100101 Firefox/52.0',
  'accept' => 'text/html,application/xhtml+xml,application/xml;q=0.9,*/*;q=0.8',
  'accept-language' => 'zh-CN,zh;q=0.8,en-US;q=0.5,en;q=0.3',
  'accept-encoding' => 'gzip, deflate',
  'cookie' => 'pgv_pvi=2215779328',
  'connection' => 'keep-alive',
  'upgrade-insecure-requests' => '1',
  'cache-control' => 'max-age=0',
)
[ info ] [ PARAM ] array (
)
[ info ] [ RUN ] app\controller\Index->index[ E:\xampp\htdocs\local.company.com\application\controller\Index.php ]
[ info ] [ VIEW ] ../template/default/index.html [ array (
) ]
[ info ] [ LOG ] INIT File

---------------------------------------------------------------
[ 2017-04-07T13:47:02+08:00 ] 127.0.0.1 127.0.0.1 GET /public/
[ log ] local.company.com/public/ [运行时间：0.027001s][吞吐率：37.04req/s] [内存消耗：1,802.40kb] [文件加载：47]
[ info ] [ LANG ] E:\xampp\htdocs\local.company.com\thinkphp\lang\zh-cn.php
[ info ] [ ROUTE ] array (
  'type' => 'module',
  'module' => 
  array (
    0 => NULL,
    1 => '',
    2 => NULL,
  ),
)
[ info ] [ HEADER ] array (
  'host' => 'local.company.com',
  'user-agent' => 'Mozilla/5.0 (Windows NT 6.1; WOW64; rv:52.0) Gecko/20100101 Firefox/52.0',
  'accept' => 'text/html,application/xhtml+xml,application/xml;q=0.9,*/*;q=0.8',
  'accept-language' => 'zh-CN,zh;q=0.8,en-US;q=0.5,en;q=0.3',
  'accept-encoding' => 'gzip, deflate',
  'cookie' => 'pgv_pvi=2215779328',
  'connection' => 'keep-alive',
  'upgrade-insecure-requests' => '1',
  'cache-control' => 'max-age=0',
)
[ info ] [ PARAM ] array (
)
[ info ] [ RUN ] app\controller\Index->index[ E:\xampp\htdocs\local.company.com\application\controller\Index.php ]
[ info ] [ VIEW ] ../template/default/index.html [ array (
) ]
[ info ] [ LOG ] INIT File

---------------------------------------------------------------
[ 2017-04-07T13:47:09+08:00 ] 127.0.0.1 127.0.0.1 GET /public/
[ log ] local.company.com/public/ [运行时间：0.026002s][吞吐率：38.46req/s] [内存消耗：1,802.40kb] [文件加载：47]
[ info ] [ LANG ] E:\xampp\htdocs\local.company.com\thinkphp\lang\zh-cn.php
[ info ] [ ROUTE ] array (
  'type' => 'module',
  'module' => 
  array (
    0 => NULL,
    1 => '',
    2 => NULL,
  ),
)
[ info ] [ HEADER ] array (
  'host' => 'local.company.com',
  'user-agent' => 'Mozilla/5.0 (Windows NT 6.1; WOW64; rv:52.0) Gecko/20100101 Firefox/52.0',
  'accept' => 'text/html,application/xhtml+xml,application/xml;q=0.9,*/*;q=0.8',
  'accept-language' => 'zh-CN,zh;q=0.8,en-US;q=0.5,en;q=0.3',
  'accept-encoding' => 'gzip, deflate',
  'cookie' => 'pgv_pvi=2215779328',
  'connection' => 'keep-alive',
  'upgrade-insecure-requests' => '1',
  'cache-control' => 'max-age=0',
)
[ info ] [ PARAM ] array (
)
[ info ] [ RUN ] app\controller\Index->index[ E:\xampp\htdocs\local.company.com\application\controller\Index.php ]
[ info ] [ VIEW ] ../template/default/index.html [ array (
) ]
[ info ] [ LOG ] INIT File

---------------------------------------------------------------
[ 2017-04-07T13:50:02+08:00 ] 127.0.0.1 127.0.0.1 GET /public/
[ log ] local.company.com/public/ [运行时间：0.027001s][吞吐率：37.04req/s] [内存消耗：1,802.40kb] [文件加载：47]
[ info ] [ LANG ] E:\xampp\htdocs\local.company.com\thinkphp\lang\zh-cn.php
[ info ] [ ROUTE ] array (
  'type' => 'module',
  'module' => 
  array (
    0 => NULL,
    1 => '',
    2 => NULL,
  ),
)
[ info ] [ HEADER ] array (
  'host' => 'local.company.com',
  'user-agent' => 'Mozilla/5.0 (Windows NT 6.1; WOW64; rv:52.0) Gecko/20100101 Firefox/52.0',
  'accept' => 'text/html,application/xhtml+xml,application/xml;q=0.9,*/*;q=0.8',
  'accept-language' => 'zh-CN,zh;q=0.8,en-US;q=0.5,en;q=0.3',
  'accept-encoding' => 'gzip, deflate',
  'cookie' => 'pgv_pvi=2215779328',
  'connection' => 'keep-alive',
  'upgrade-insecure-requests' => '1',
  'cache-control' => 'max-age=0',
)
[ info ] [ PARAM ] array (
)
[ info ] [ RUN ] app\controller\Index->index[ E:\xampp\htdocs\local.company.com\application\controller\Index.php ]
[ info ] [ VIEW ] ../template/default/index.html [ array (
) ]
[ info ] [ LOG ] INIT File

---------------------------------------------------------------
[ 2017-04-07T13:50:16+08:00 ] 127.0.0.1 127.0.0.1 GET /public/
[ log ] local.company.com/public/ [运行时间：0.021001s][吞吐率：47.62req/s] [内存消耗：1,642.02kb] [文件加载：45]
[ info ] [ LANG ] E:\xampp\htdocs\local.company.com\thinkphp\lang\zh-cn.php
[ info ] [ ROUTE ] array (
  'type' => 'module',
  'module' => 
  array (
    0 => NULL,
    1 => '',
    2 => NULL,
  ),
)
[ info ] [ HEADER ] array (
  'host' => 'local.company.com',
  'user-agent' => 'Mozilla/5.0 (Windows NT 6.1; WOW64; rv:52.0) Gecko/20100101 Firefox/52.0',
  'accept' => 'text/html,application/xhtml+xml,application/xml;q=0.9,*/*;q=0.8',
  'accept-language' => 'zh-CN,zh;q=0.8,en-US;q=0.5,en;q=0.3',
  'accept-encoding' => 'gzip, deflate',
  'cookie' => 'pgv_pvi=2215779328',
  'connection' => 'keep-alive',
  'upgrade-insecure-requests' => '1',
  'cache-control' => 'max-age=0',
)
[ info ] [ PARAM ] array (
)
[ info ] [ RUN ] app\controller\Index->index[ E:\xampp\htdocs\local.company.com\application\controller\Index.php ]
[ info ] [ VIEW ] ../template/default/index.html [ array (
) ]
[ info ] [ LOG ] INIT File

---------------------------------------------------------------
[ 2017-04-07T13:50:39+08:00 ] 127.0.0.1 127.0.0.1 GET /public/
[ log ] local.company.com/public/ [运行时间：0.023001s][吞吐率：43.48req/s] [内存消耗：1,802.45kb] [文件加载：47]
[ info ] [ LANG ] E:\xampp\htdocs\local.company.com\thinkphp\lang\zh-cn.php
[ info ] [ ROUTE ] array (
  'type' => 'module',
  'module' => 
  array (
    0 => NULL,
    1 => '',
    2 => NULL,
  ),
)
[ info ] [ HEADER ] array (
  'host' => 'local.company.com',
  'user-agent' => 'Mozilla/5.0 (Windows NT 6.1; WOW64; rv:52.0) Gecko/20100101 Firefox/52.0',
  'accept' => 'text/html,application/xhtml+xml,application/xml;q=0.9,*/*;q=0.8',
  'accept-language' => 'zh-CN,zh;q=0.8,en-US;q=0.5,en;q=0.3',
  'accept-encoding' => 'gzip, deflate',
  'cookie' => 'pgv_pvi=2215779328',
  'connection' => 'keep-alive',
  'upgrade-insecure-requests' => '1',
  'cache-control' => 'max-age=0',
)
[ info ] [ PARAM ] array (
)
[ info ] [ RUN ] app\controller\Index->index[ E:\xampp\htdocs\local.company.com\application\controller\Index.php ]
[ info ] [ VIEW ] ../template/default/index.html [ array (
) ]
[ info ] [ LOG ] INIT File

---------------------------------------------------------------
[ 2017-04-07T13:51:22+08:00 ] 127.0.0.1 127.0.0.1 GET /public/
[ log ] local.company.com/public/ [运行时间：0.027002s][吞吐率：37.03req/s] [内存消耗：1,802.89kb] [文件加载：47]
[ info ] [ LANG ] E:\xampp\htdocs\local.company.com\thinkphp\lang\zh-cn.php
[ info ] [ ROUTE ] array (
  'type' => 'module',
  'module' => 
  array (
    0 => NULL,
    1 => '',
    2 => NULL,
  ),
)
[ info ] [ HEADER ] array (
  'host' => 'local.company.com',
  'user-agent' => 'Mozilla/5.0 (Windows NT 6.1; WOW64; rv:52.0) Gecko/20100101 Firefox/52.0',
  'accept' => 'text/html,application/xhtml+xml,application/xml;q=0.9,*/*;q=0.8',
  'accept-language' => 'zh-CN,zh;q=0.8,en-US;q=0.5,en;q=0.3',
  'accept-encoding' => 'gzip, deflate',
  'cookie' => 'pgv_pvi=2215779328',
  'connection' => 'keep-alive',
  'upgrade-insecure-requests' => '1',
  'cache-control' => 'max-age=0',
)
[ info ] [ PARAM ] array (
)
[ info ] [ RUN ] app\controller\Index->index[ E:\xampp\htdocs\local.company.com\application\controller\Index.php ]
[ info ] [ VIEW ] ../template/default/index.html [ array (
) ]
[ info ] [ LOG ] INIT File

---------------------------------------------------------------
[ 2017-04-07T13:51:33+08:00 ] 127.0.0.1 127.0.0.1 GET /public/
[ log ] local.company.com/public/ [运行时间：0.023002s][吞吐率：43.47req/s] [内存消耗：1,802.89kb] [文件加载：47]
[ info ] [ LANG ] E:\xampp\htdocs\local.company.com\thinkphp\lang\zh-cn.php
[ info ] [ ROUTE ] array (
  'type' => 'module',
  'module' => 
  array (
    0 => NULL,
    1 => '',
    2 => NULL,
  ),
)
[ info ] [ HEADER ] array (
  'host' => 'local.company.com',
  'user-agent' => 'Mozilla/5.0 (Windows NT 6.1; WOW64; rv:52.0) Gecko/20100101 Firefox/52.0',
  'accept' => 'text/html,application/xhtml+xml,application/xml;q=0.9,*/*;q=0.8',
  'accept-language' => 'zh-CN,zh;q=0.8,en-US;q=0.5,en;q=0.3',
  'accept-encoding' => 'gzip, deflate',
  'cookie' => 'pgv_pvi=2215779328',
  'connection' => 'keep-alive',
  'upgrade-insecure-requests' => '1',
  'cache-control' => 'max-age=0',
)
[ info ] [ PARAM ] array (
)
[ info ] [ RUN ] app\controller\Index->index[ E:\xampp\htdocs\local.company.com\application\controller\Index.php ]
[ info ] [ VIEW ] ../template/default/index.html [ array (
) ]
[ info ] [ LOG ] INIT File

---------------------------------------------------------------
[ 2017-04-07T13:51:56+08:00 ] 127.0.0.1 127.0.0.1 GET /public/
[ log ] local.company.com/public/ [运行时间：0.023002s][吞吐率：43.47req/s] [内存消耗：1,802.97kb] [文件加载：47]
[ info ] [ LANG ] E:\xampp\htdocs\local.company.com\thinkphp\lang\zh-cn.php
[ info ] [ ROUTE ] array (
  'type' => 'module',
  'module' => 
  array (
    0 => NULL,
    1 => '',
    2 => NULL,
  ),
)
[ info ] [ HEADER ] array (
  'host' => 'local.company.com',
  'user-agent' => 'Mozilla/5.0 (Windows NT 6.1; WOW64; rv:52.0) Gecko/20100101 Firefox/52.0',
  'accept' => 'text/html,application/xhtml+xml,application/xml;q=0.9,*/*;q=0.8',
  'accept-language' => 'zh-CN,zh;q=0.8,en-US;q=0.5,en;q=0.3',
  'accept-encoding' => 'gzip, deflate',
  'cookie' => 'pgv_pvi=2215779328',
  'connection' => 'keep-alive',
  'upgrade-insecure-requests' => '1',
  'cache-control' => 'max-age=0',
)
[ info ] [ PARAM ] array (
)
[ info ] [ RUN ] app\controller\Index->index[ E:\xampp\htdocs\local.company.com\application\controller\Index.php ]
[ info ] [ VIEW ] ../template/default/index.html [ array (
) ]
[ info ] [ LOG ] INIT File

---------------------------------------------------------------
[ 2017-04-07T13:52:14+08:00 ] 127.0.0.1 127.0.0.1 GET /public/
[ log ] local.company.com/public/ [运行时间：0.025001s][吞吐率：40.00req/s] [内存消耗：1,802.97kb] [文件加载：47]
[ info ] [ LANG ] E:\xampp\htdocs\local.company.com\thinkphp\lang\zh-cn.php
[ info ] [ ROUTE ] array (
  'type' => 'module',
  'module' => 
  array (
    0 => NULL,
    1 => '',
    2 => NULL,
  ),
)
[ info ] [ HEADER ] array (
  'host' => 'local.company.com',
  'user-agent' => 'Mozilla/5.0 (Windows NT 6.1; WOW64; rv:52.0) Gecko/20100101 Firefox/52.0',
  'accept' => 'text/html,application/xhtml+xml,application/xml;q=0.9,*/*;q=0.8',
  'accept-language' => 'zh-CN,zh;q=0.8,en-US;q=0.5,en;q=0.3',
  'accept-encoding' => 'gzip, deflate',
  'cookie' => 'pgv_pvi=2215779328',
  'connection' => 'keep-alive',
  'upgrade-insecure-requests' => '1',
  'cache-control' => 'max-age=0',
)
[ info ] [ PARAM ] array (
)
[ info ] [ RUN ] app\controller\Index->index[ E:\xampp\htdocs\local.company.com\application\controller\Index.php ]
[ info ] [ VIEW ] ../template/default/index.html [ array (
) ]
[ info ] [ LOG ] INIT File

---------------------------------------------------------------
[ 2017-04-07T13:52:33+08:00 ] 127.0.0.1 127.0.0.1 GET /public/
[ log ] local.company.com/public/ [运行时间：0.024002s][吞吐率：41.66req/s] [内存消耗：1,802.97kb] [文件加载：47]
[ info ] [ LANG ] E:\xampp\htdocs\local.company.com\thinkphp\lang\zh-cn.php
[ info ] [ ROUTE ] array (
  'type' => 'module',
  'module' => 
  array (
    0 => NULL,
    1 => '',
    2 => NULL,
  ),
)
[ info ] [ HEADER ] array (
  'host' => 'local.company.com',
  'user-agent' => 'Mozilla/5.0 (Windows NT 6.1; WOW64; rv:52.0) Gecko/20100101 Firefox/52.0',
  'accept' => 'text/html,application/xhtml+xml,application/xml;q=0.9,*/*;q=0.8',
  'accept-language' => 'zh-CN,zh;q=0.8,en-US;q=0.5,en;q=0.3',
  'accept-encoding' => 'gzip, deflate',
  'cookie' => 'pgv_pvi=2215779328',
  'connection' => 'keep-alive',
  'upgrade-insecure-requests' => '1',
  'cache-control' => 'max-age=0',
)
[ info ] [ PARAM ] array (
)
[ info ] [ RUN ] app\controller\Index->index[ E:\xampp\htdocs\local.company.com\application\controller\Index.php ]
[ info ] [ VIEW ] ../template/default/index.html [ array (
) ]
[ info ] [ LOG ] INIT File

---------------------------------------------------------------
[ 2017-04-07T13:53:16+08:00 ] 127.0.0.1 127.0.0.1 GET /public/
[ log ] local.company.com/public/ [运行时间：0.026002s][吞吐率：38.46req/s] [内存消耗：1,802.97kb] [文件加载：47]
[ info ] [ LANG ] E:\xampp\htdocs\local.company.com\thinkphp\lang\zh-cn.php
[ info ] [ ROUTE ] array (
  'type' => 'module',
  'module' => 
  array (
    0 => NULL,
    1 => '',
    2 => NULL,
  ),
)
[ info ] [ HEADER ] array (
  'host' => 'local.company.com',
  'user-agent' => 'Mozilla/5.0 (Windows NT 6.1; WOW64; rv:52.0) Gecko/20100101 Firefox/52.0',
  'accept' => 'text/html,application/xhtml+xml,application/xml;q=0.9,*/*;q=0.8',
  'accept-language' => 'zh-CN,zh;q=0.8,en-US;q=0.5,en;q=0.3',
  'accept-encoding' => 'gzip, deflate',
  'cookie' => 'pgv_pvi=2215779328',
  'connection' => 'keep-alive',
  'upgrade-insecure-requests' => '1',
  'cache-control' => 'max-age=0',
)
[ info ] [ PARAM ] array (
)
[ info ] [ RUN ] app\controller\Index->index[ E:\xampp\htdocs\local.company.com\application\controller\Index.php ]
[ info ] [ VIEW ] ../template/default/index.html [ array (
) ]
[ info ] [ LOG ] INIT File

---------------------------------------------------------------
[ 2017-04-07T13:53:36+08:00 ] 127.0.0.1 127.0.0.1 GET /public/
[ log ] local.company.com/public/ [运行时间：0.026001s][吞吐率：38.46req/s] [内存消耗：1,803.02kb] [文件加载：47]
[ info ] [ LANG ] E:\xampp\htdocs\local.company.com\thinkphp\lang\zh-cn.php
[ info ] [ ROUTE ] array (
  'type' => 'module',
  'module' => 
  array (
    0 => NULL,
    1 => '',
    2 => NULL,
  ),
)
[ info ] [ HEADER ] array (
  'host' => 'local.company.com',
  'user-agent' => 'Mozilla/5.0 (Windows NT 6.1; WOW64; rv:52.0) Gecko/20100101 Firefox/52.0',
  'accept' => 'text/html,application/xhtml+xml,application/xml;q=0.9,*/*;q=0.8',
  'accept-language' => 'zh-CN,zh;q=0.8,en-US;q=0.5,en;q=0.3',
  'accept-encoding' => 'gzip, deflate',
  'cookie' => 'pgv_pvi=2215779328',
  'connection' => 'keep-alive',
  'upgrade-insecure-requests' => '1',
  'cache-control' => 'max-age=0',
)
[ info ] [ PARAM ] array (
)
[ info ] [ RUN ] app\controller\Index->index[ E:\xampp\htdocs\local.company.com\application\controller\Index.php ]
[ info ] [ VIEW ] ../template/default/index.html [ array (
) ]
[ info ] [ LOG ] INIT File

---------------------------------------------------------------
[ 2017-04-07T13:53:52+08:00 ] 127.0.0.1 127.0.0.1 GET /public/
[ log ] local.company.com/public/ [运行时间：0.023001s][吞吐率：43.48req/s] [内存消耗：1,803.07kb] [文件加载：47]
[ info ] [ LANG ] E:\xampp\htdocs\local.company.com\thinkphp\lang\zh-cn.php
[ info ] [ ROUTE ] array (
  'type' => 'module',
  'module' => 
  array (
    0 => NULL,
    1 => '',
    2 => NULL,
  ),
)
[ info ] [ HEADER ] array (
  'host' => 'local.company.com',
  'user-agent' => 'Mozilla/5.0 (Windows NT 6.1; WOW64; rv:52.0) Gecko/20100101 Firefox/52.0',
  'accept' => 'text/html,application/xhtml+xml,application/xml;q=0.9,*/*;q=0.8',
  'accept-language' => 'zh-CN,zh;q=0.8,en-US;q=0.5,en;q=0.3',
  'accept-encoding' => 'gzip, deflate',
  'cookie' => 'pgv_pvi=2215779328',
  'connection' => 'keep-alive',
  'upgrade-insecure-requests' => '1',
  'cache-control' => 'max-age=0',
)
[ info ] [ PARAM ] array (
)
[ info ] [ RUN ] app\controller\Index->index[ E:\xampp\htdocs\local.company.com\application\controller\Index.php ]
[ info ] [ VIEW ] ../template/default/index.html [ array (
) ]
[ info ] [ LOG ] INIT File

---------------------------------------------------------------
[ 2017-04-07T13:54:24+08:00 ] 127.0.0.1 127.0.0.1 GET /public/
[ log ] local.company.com/public/ [运行时间：0.026001s][吞吐率：38.46req/s] [内存消耗：1,803.02kb] [文件加载：47]
[ info ] [ LANG ] E:\xampp\htdocs\local.company.com\thinkphp\lang\zh-cn.php
[ info ] [ ROUTE ] array (
  'type' => 'module',
  'module' => 
  array (
    0 => NULL,
    1 => '',
    2 => NULL,
  ),
)
[ info ] [ HEADER ] array (
  'host' => 'local.company.com',
  'user-agent' => 'Mozilla/5.0 (Windows NT 6.1; WOW64; rv:52.0) Gecko/20100101 Firefox/52.0',
  'accept' => 'text/html,application/xhtml+xml,application/xml;q=0.9,*/*;q=0.8',
  'accept-language' => 'zh-CN,zh;q=0.8,en-US;q=0.5,en;q=0.3',
  'accept-encoding' => 'gzip, deflate',
  'cookie' => 'pgv_pvi=2215779328',
  'connection' => 'keep-alive',
  'upgrade-insecure-requests' => '1',
  'cache-control' => 'max-age=0',
)
[ info ] [ PARAM ] array (
)
[ info ] [ RUN ] app\controller\Index->index[ E:\xampp\htdocs\local.company.com\application\controller\Index.php ]
[ info ] [ VIEW ] ../template/default/index.html [ array (
) ]
[ info ] [ LOG ] INIT File

---------------------------------------------------------------
[ 2017-04-07T13:54:37+08:00 ] 127.0.0.1 127.0.0.1 GET /public/
[ log ] local.company.com/public/ [运行时间：0.026001s][吞吐率：38.46req/s] [内存消耗：1,803.04kb] [文件加载：47]
[ info ] [ LANG ] E:\xampp\htdocs\local.company.com\thinkphp\lang\zh-cn.php
[ info ] [ ROUTE ] array (
  'type' => 'module',
  'module' => 
  array (
    0 => NULL,
    1 => '',
    2 => NULL,
  ),
)
[ info ] [ HEADER ] array (
  'host' => 'local.company.com',
  'user-agent' => 'Mozilla/5.0 (Windows NT 6.1; WOW64; rv:52.0) Gecko/20100101 Firefox/52.0',
  'accept' => 'text/html,application/xhtml+xml,application/xml;q=0.9,*/*;q=0.8',
  'accept-language' => 'zh-CN,zh;q=0.8,en-US;q=0.5,en;q=0.3',
  'accept-encoding' => 'gzip, deflate',
  'cookie' => 'pgv_pvi=2215779328',
  'connection' => 'keep-alive',
  'upgrade-insecure-requests' => '1',
  'cache-control' => 'max-age=0',
)
[ info ] [ PARAM ] array (
)
[ info ] [ RUN ] app\controller\Index->index[ E:\xampp\htdocs\local.company.com\application\controller\Index.php ]
[ info ] [ VIEW ] ../template/default/index.html [ array (
) ]
[ info ] [ LOG ] INIT File

---------------------------------------------------------------
[ 2017-04-07T13:55:08+08:00 ] 127.0.0.1 127.0.0.1 GET /public/
[ log ] local.company.com/public/ [运行时间：0.027002s][吞吐率：37.03req/s] [内存消耗：1,803.04kb] [文件加载：47]
[ info ] [ LANG ] E:\xampp\htdocs\local.company.com\thinkphp\lang\zh-cn.php
[ info ] [ ROUTE ] array (
  'type' => 'module',
  'module' => 
  array (
    0 => NULL,
    1 => '',
    2 => NULL,
  ),
)
[ info ] [ HEADER ] array (
  'host' => 'local.company.com',
  'user-agent' => 'Mozilla/5.0 (Windows NT 6.1; WOW64; rv:52.0) Gecko/20100101 Firefox/52.0',
  'accept' => 'text/html,application/xhtml+xml,application/xml;q=0.9,*/*;q=0.8',
  'accept-language' => 'zh-CN,zh;q=0.8,en-US;q=0.5,en;q=0.3',
  'accept-encoding' => 'gzip, deflate',
  'cookie' => 'pgv_pvi=2215779328',
  'connection' => 'keep-alive',
  'upgrade-insecure-requests' => '1',
  'cache-control' => 'max-age=0',
)
[ info ] [ PARAM ] array (
)
[ info ] [ RUN ] app\controller\Index->index[ E:\xampp\htdocs\local.company.com\application\controller\Index.php ]
[ info ] [ VIEW ] ../template/default/index.html [ array (
) ]
[ info ] [ LOG ] INIT File

---------------------------------------------------------------
[ 2017-04-07T13:55:25+08:00 ] 127.0.0.1 127.0.0.1 GET /public/
[ log ] local.company.com/public/ [运行时间：0.022002s][吞吐率：45.45req/s] [内存消耗：1,803.07kb] [文件加载：47]
[ info ] [ LANG ] E:\xampp\htdocs\local.company.com\thinkphp\lang\zh-cn.php
[ info ] [ ROUTE ] array (
  'type' => 'module',
  'module' => 
  array (
    0 => NULL,
    1 => '',
    2 => NULL,
  ),
)
[ info ] [ HEADER ] array (
  'host' => 'local.company.com',
  'user-agent' => 'Mozilla/5.0 (Windows NT 6.1; WOW64; rv:52.0) Gecko/20100101 Firefox/52.0',
  'accept' => 'text/html,application/xhtml+xml,application/xml;q=0.9,*/*;q=0.8',
  'accept-language' => 'zh-CN,zh;q=0.8,en-US;q=0.5,en;q=0.3',
  'accept-encoding' => 'gzip, deflate',
  'cookie' => 'pgv_pvi=2215779328',
  'connection' => 'keep-alive',
  'upgrade-insecure-requests' => '1',
  'cache-control' => 'max-age=0',
)
[ info ] [ PARAM ] array (
)
[ info ] [ RUN ] app\controller\Index->index[ E:\xampp\htdocs\local.company.com\application\controller\Index.php ]
[ info ] [ VIEW ] ../template/default/index.html [ array (
) ]
[ info ] [ LOG ] INIT File

---------------------------------------------------------------
[ 2017-04-07T13:57:53+08:00 ] 127.0.0.1 127.0.0.1 GET /public/
[ log ] local.company.com/public/ [运行时间：0.026002s][吞吐率：38.46req/s] [内存消耗：1,803.01kb] [文件加载：47]
[ info ] [ LANG ] E:\xampp\htdocs\local.company.com\thinkphp\lang\zh-cn.php
[ info ] [ ROUTE ] array (
  'type' => 'module',
  'module' => 
  array (
    0 => NULL,
    1 => '',
    2 => NULL,
  ),
)
[ info ] [ HEADER ] array (
  'host' => 'local.company.com',
  'user-agent' => 'Mozilla/5.0 (Windows NT 6.1; WOW64; rv:52.0) Gecko/20100101 Firefox/52.0',
  'accept' => 'text/html,application/xhtml+xml,application/xml;q=0.9,*/*;q=0.8',
  'accept-language' => 'zh-CN,zh;q=0.8,en-US;q=0.5,en;q=0.3',
  'accept-encoding' => 'gzip, deflate',
  'cookie' => 'pgv_pvi=2215779328',
  'connection' => 'keep-alive',
  'upgrade-insecure-requests' => '1',
  'cache-control' => 'max-age=0',
)
[ info ] [ PARAM ] array (
)
[ info ] [ RUN ] app\controller\Index->index[ E:\xampp\htdocs\local.company.com\application\controller\Index.php ]
[ info ] [ VIEW ] ../template/default/index.html [ array (
) ]
[ info ] [ LOG ] INIT File

---------------------------------------------------------------
[ 2017-04-07T13:59:58+08:00 ] 127.0.0.1 127.0.0.1 GET /public/
[ log ] local.company.com/public/ [运行时间：0.026001s][吞吐率：38.46req/s] [内存消耗：1,803.09kb] [文件加载：47]
[ info ] [ LANG ] E:\xampp\htdocs\local.company.com\thinkphp\lang\zh-cn.php
[ info ] [ ROUTE ] array (
  'type' => 'module',
  'module' => 
  array (
    0 => NULL,
    1 => '',
    2 => NULL,
  ),
)
[ info ] [ HEADER ] array (
  'host' => 'local.company.com',
  'user-agent' => 'Mozilla/5.0 (Windows NT 6.1; WOW64; rv:52.0) Gecko/20100101 Firefox/52.0',
  'accept' => 'text/html,application/xhtml+xml,application/xml;q=0.9,*/*;q=0.8',
  'accept-language' => 'zh-CN,zh;q=0.8,en-US;q=0.5,en;q=0.3',
  'accept-encoding' => 'gzip, deflate',
  'cookie' => 'pgv_pvi=2215779328',
  'connection' => 'keep-alive',
  'upgrade-insecure-requests' => '1',
  'cache-control' => 'max-age=0',
)
[ info ] [ PARAM ] array (
)
[ info ] [ RUN ] app\controller\Index->index[ E:\xampp\htdocs\local.company.com\application\controller\Index.php ]
[ info ] [ VIEW ] ../template/default/index.html [ array (
) ]
[ info ] [ LOG ] INIT File

---------------------------------------------------------------
[ 2017-04-07T14:00:15+08:00 ] 127.0.0.1 127.0.0.1 GET /public/
[ log ] local.company.com/public/ [运行时间：0.021001s][吞吐率：47.62req/s] [内存消耗：1,642.06kb] [文件加载：45]
[ info ] [ LANG ] E:\xampp\htdocs\local.company.com\thinkphp\lang\zh-cn.php
[ info ] [ ROUTE ] array (
  'type' => 'module',
  'module' => 
  array (
    0 => NULL,
    1 => '',
    2 => NULL,
  ),
)
[ info ] [ HEADER ] array (
  'host' => 'local.company.com',
  'user-agent' => 'Mozilla/5.0 (Windows NT 6.1; WOW64; rv:52.0) Gecko/20100101 Firefox/52.0',
  'accept' => 'text/html,application/xhtml+xml,application/xml;q=0.9,*/*;q=0.8',
  'accept-language' => 'zh-CN,zh;q=0.8,en-US;q=0.5,en;q=0.3',
  'accept-encoding' => 'gzip, deflate',
  'cookie' => 'pgv_pvi=2215779328',
  'connection' => 'keep-alive',
  'upgrade-insecure-requests' => '1',
  'cache-control' => 'max-age=0',
)
[ info ] [ PARAM ] array (
)
[ info ] [ RUN ] app\controller\Index->index[ E:\xampp\htdocs\local.company.com\application\controller\Index.php ]
[ info ] [ VIEW ] ../template/default/index.html [ array (
) ]
[ info ] [ LOG ] INIT File

---------------------------------------------------------------
[ 2017-04-07T14:00:36+08:00 ] 127.0.0.1 127.0.0.1 GET /public/
[ log ] local.company.com/public/ [运行时间：0.027002s][吞吐率：37.03req/s] [内存消耗：1,803.09kb] [文件加载：47]
[ info ] [ LANG ] E:\xampp\htdocs\local.company.com\thinkphp\lang\zh-cn.php
[ info ] [ ROUTE ] array (
  'type' => 'module',
  'module' => 
  array (
    0 => NULL,
    1 => '',
    2 => NULL,
  ),
)
[ info ] [ HEADER ] array (
  'host' => 'local.company.com',
  'user-agent' => 'Mozilla/5.0 (Windows NT 6.1; WOW64; rv:52.0) Gecko/20100101 Firefox/52.0',
  'accept' => 'text/html,application/xhtml+xml,application/xml;q=0.9,*/*;q=0.8',
  'accept-language' => 'zh-CN,zh;q=0.8,en-US;q=0.5,en;q=0.3',
  'accept-encoding' => 'gzip, deflate',
  'cookie' => 'pgv_pvi=2215779328',
  'connection' => 'keep-alive',
  'upgrade-insecure-requests' => '1',
  'cache-control' => 'max-age=0',
)
[ info ] [ PARAM ] array (
)
[ info ] [ RUN ] app\controller\Index->index[ E:\xampp\htdocs\local.company.com\application\controller\Index.php ]
[ info ] [ VIEW ] ../template/default/index.html [ array (
) ]
[ info ] [ LOG ] INIT File

---------------------------------------------------------------
[ 2017-04-07T14:01:22+08:00 ] 127.0.0.1 127.0.0.1 GET /public/
[ log ] local.company.com/public/ [运行时间：0.023002s][吞吐率：43.47req/s] [内存消耗：1,642.05kb] [文件加载：45]
[ info ] [ LANG ] E:\xampp\htdocs\local.company.com\thinkphp\lang\zh-cn.php
[ info ] [ ROUTE ] array (
  'type' => 'module',
  'module' => 
  array (
    0 => NULL,
    1 => '',
    2 => NULL,
  ),
)
[ info ] [ HEADER ] array (
  'host' => 'local.company.com',
  'user-agent' => 'Mozilla/5.0 (Windows NT 6.1; WOW64; rv:52.0) Gecko/20100101 Firefox/52.0',
  'accept' => 'text/html,application/xhtml+xml,application/xml;q=0.9,*/*;q=0.8',
  'accept-language' => 'zh-CN,zh;q=0.8,en-US;q=0.5,en;q=0.3',
  'accept-encoding' => 'gzip, deflate',
  'cookie' => 'pgv_pvi=2215779328',
  'connection' => 'keep-alive',
  'upgrade-insecure-requests' => '1',
  'cache-control' => 'max-age=0',
)
[ info ] [ PARAM ] array (
)
[ info ] [ RUN ] app\controller\Index->index[ E:\xampp\htdocs\local.company.com\application\controller\Index.php ]
[ info ] [ VIEW ] ../template/default/index.html [ array (
) ]
[ info ] [ LOG ] INIT File

---------------------------------------------------------------
[ 2017-04-07T14:01:41+08:00 ] 127.0.0.1 127.0.0.1 GET /public/
[ log ] local.company.com/public/ [运行时间：0.023002s][吞吐率：43.47req/s] [内存消耗：1,803.05kb] [文件加载：47]
[ info ] [ LANG ] E:\xampp\htdocs\local.company.com\thinkphp\lang\zh-cn.php
[ info ] [ ROUTE ] array (
  'type' => 'module',
  'module' => 
  array (
    0 => NULL,
    1 => '',
    2 => NULL,
  ),
)
[ info ] [ HEADER ] array (
  'host' => 'local.company.com',
  'user-agent' => 'Mozilla/5.0 (Windows NT 6.1; WOW64; rv:52.0) Gecko/20100101 Firefox/52.0',
  'accept' => 'text/html,application/xhtml+xml,application/xml;q=0.9,*/*;q=0.8',
  'accept-language' => 'zh-CN,zh;q=0.8,en-US;q=0.5,en;q=0.3',
  'accept-encoding' => 'gzip, deflate',
  'cookie' => 'pgv_pvi=2215779328',
  'connection' => 'keep-alive',
  'upgrade-insecure-requests' => '1',
  'cache-control' => 'max-age=0',
)
[ info ] [ PARAM ] array (
)
[ info ] [ RUN ] app\controller\Index->index[ E:\xampp\htdocs\local.company.com\application\controller\Index.php ]
[ info ] [ VIEW ] ../template/default/index.html [ array (
) ]
[ info ] [ LOG ] INIT File

---------------------------------------------------------------
[ 2017-04-07T14:03:20+08:00 ] 127.0.0.1 127.0.0.1 GET /public/
[ log ] local.company.com/public/ [运行时间：0.023001s][吞吐率：43.48req/s] [内存消耗：1,802.97kb] [文件加载：47]
[ info ] [ LANG ] E:\xampp\htdocs\local.company.com\thinkphp\lang\zh-cn.php
[ info ] [ ROUTE ] array (
  'type' => 'module',
  'module' => 
  array (
    0 => NULL,
    1 => '',
    2 => NULL,
  ),
)
[ info ] [ HEADER ] array (
  'host' => 'local.company.com',
  'user-agent' => 'Mozilla/5.0 (Windows NT 6.1; WOW64; rv:52.0) Gecko/20100101 Firefox/52.0',
  'accept' => 'text/html,application/xhtml+xml,application/xml;q=0.9,*/*;q=0.8',
  'accept-language' => 'zh-CN,zh;q=0.8,en-US;q=0.5,en;q=0.3',
  'accept-encoding' => 'gzip, deflate',
  'cookie' => 'pgv_pvi=2215779328',
  'connection' => 'keep-alive',
  'upgrade-insecure-requests' => '1',
  'cache-control' => 'max-age=0',
)
[ info ] [ PARAM ] array (
)
[ info ] [ RUN ] app\controller\Index->index[ E:\xampp\htdocs\local.company.com\application\controller\Index.php ]
[ info ] [ VIEW ] ../template/default/index.html [ array (
) ]
[ info ] [ LOG ] INIT File

---------------------------------------------------------------
[ 2017-04-07T14:03:55+08:00 ] 127.0.0.1 127.0.0.1 GET /public/
[ log ] local.company.com/public/ [运行时间：0.026002s][吞吐率：38.46req/s] [内存消耗：1,802.89kb] [文件加载：47]
[ info ] [ LANG ] E:\xampp\htdocs\local.company.com\thinkphp\lang\zh-cn.php
[ info ] [ ROUTE ] array (
  'type' => 'module',
  'module' => 
  array (
    0 => NULL,
    1 => '',
    2 => NULL,
  ),
)
[ info ] [ HEADER ] array (
  'host' => 'local.company.com',
  'user-agent' => 'Mozilla/5.0 (Windows NT 6.1; WOW64; rv:52.0) Gecko/20100101 Firefox/52.0',
  'accept' => 'text/html,application/xhtml+xml,application/xml;q=0.9,*/*;q=0.8',
  'accept-language' => 'zh-CN,zh;q=0.8,en-US;q=0.5,en;q=0.3',
  'accept-encoding' => 'gzip, deflate',
  'cookie' => 'pgv_pvi=2215779328',
  'connection' => 'keep-alive',
  'upgrade-insecure-requests' => '1',
  'cache-control' => 'max-age=0',
)
[ info ] [ PARAM ] array (
)
[ info ] [ RUN ] app\controller\Index->index[ E:\xampp\htdocs\local.company.com\application\controller\Index.php ]
[ info ] [ VIEW ] ../template/default/index.html [ array (
) ]
[ info ] [ LOG ] INIT File

---------------------------------------------------------------
[ 2017-04-07T14:04:56+08:00 ] 127.0.0.1 127.0.0.1 GET /public/
[ log ] local.company.com/public/ [运行时间：0.026002s][吞吐率：38.46req/s] [内存消耗：1,803.33kb] [文件加载：47]
[ info ] [ LANG ] E:\xampp\htdocs\local.company.com\thinkphp\lang\zh-cn.php
[ info ] [ ROUTE ] array (
  'type' => 'module',
  'module' => 
  array (
    0 => NULL,
    1 => '',
    2 => NULL,
  ),
)
[ info ] [ HEADER ] array (
  'host' => 'local.company.com',
  'user-agent' => 'Mozilla/5.0 (Windows NT 6.1; WOW64; rv:52.0) Gecko/20100101 Firefox/52.0',
  'accept' => 'text/html,application/xhtml+xml,application/xml;q=0.9,*/*;q=0.8',
  'accept-language' => 'zh-CN,zh;q=0.8,en-US;q=0.5,en;q=0.3',
  'accept-encoding' => 'gzip, deflate',
  'cookie' => 'pgv_pvi=2215779328',
  'connection' => 'keep-alive',
  'upgrade-insecure-requests' => '1',
  'cache-control' => 'max-age=0',
)
[ info ] [ PARAM ] array (
)
[ info ] [ RUN ] app\controller\Index->index[ E:\xampp\htdocs\local.company.com\application\controller\Index.php ]
[ info ] [ VIEW ] ../template/default/index.html [ array (
) ]
[ info ] [ LOG ] INIT File

---------------------------------------------------------------
[ 2017-04-07T14:05:10+08:00 ] 127.0.0.1 127.0.0.1 GET /public/
[ log ] local.company.com/public/ [运行时间：0.027001s][吞吐率：37.04req/s] [内存消耗：1,803.14kb] [文件加载：47]
[ info ] [ LANG ] E:\xampp\htdocs\local.company.com\thinkphp\lang\zh-cn.php
[ info ] [ ROUTE ] array (
  'type' => 'module',
  'module' => 
  array (
    0 => NULL,
    1 => '',
    2 => NULL,
  ),
)
[ info ] [ HEADER ] array (
  'host' => 'local.company.com',
  'user-agent' => 'Mozilla/5.0 (Windows NT 6.1; WOW64; rv:52.0) Gecko/20100101 Firefox/52.0',
  'accept' => 'text/html,application/xhtml+xml,application/xml;q=0.9,*/*;q=0.8',
  'accept-language' => 'zh-CN,zh;q=0.8,en-US;q=0.5,en;q=0.3',
  'accept-encoding' => 'gzip, deflate',
  'cookie' => 'pgv_pvi=2215779328',
  'connection' => 'keep-alive',
  'upgrade-insecure-requests' => '1',
  'cache-control' => 'max-age=0',
)
[ info ] [ PARAM ] array (
)
[ info ] [ RUN ] app\controller\Index->index[ E:\xampp\htdocs\local.company.com\application\controller\Index.php ]
[ info ] [ VIEW ] ../template/default/index.html [ array (
) ]
[ info ] [ LOG ] INIT File

---------------------------------------------------------------
[ 2017-04-07T14:05:23+08:00 ] 127.0.0.1 127.0.0.1 GET /public/
[ log ] local.company.com/public/ [运行时间：0.026002s][吞吐率：38.46req/s] [内存消耗：1,803.14kb] [文件加载：47]
[ info ] [ LANG ] E:\xampp\htdocs\local.company.com\thinkphp\lang\zh-cn.php
[ info ] [ ROUTE ] array (
  'type' => 'module',
  'module' => 
  array (
    0 => NULL,
    1 => '',
    2 => NULL,
  ),
)
[ info ] [ HEADER ] array (
  'host' => 'local.company.com',
  'user-agent' => 'Mozilla/5.0 (Windows NT 6.1; WOW64; rv:52.0) Gecko/20100101 Firefox/52.0',
  'accept' => 'text/html,application/xhtml+xml,application/xml;q=0.9,*/*;q=0.8',
  'accept-language' => 'zh-CN,zh;q=0.8,en-US;q=0.5,en;q=0.3',
  'accept-encoding' => 'gzip, deflate',
  'cookie' => 'pgv_pvi=2215779328',
  'connection' => 'keep-alive',
  'upgrade-insecure-requests' => '1',
  'cache-control' => 'max-age=0',
)
[ info ] [ PARAM ] array (
)
[ info ] [ RUN ] app\controller\Index->index[ E:\xampp\htdocs\local.company.com\application\controller\Index.php ]
[ info ] [ VIEW ] ../template/default/index.html [ array (
) ]
[ info ] [ LOG ] INIT File

---------------------------------------------------------------
[ 2017-04-07T14:05:41+08:00 ] 127.0.0.1 127.0.0.1 GET /public/
[ log ] local.company.com/public/ [运行时间：0.023001s][吞吐率：43.48req/s] [内存消耗：1,803.14kb] [文件加载：47]
[ info ] [ LANG ] E:\xampp\htdocs\local.company.com\thinkphp\lang\zh-cn.php
[ info ] [ ROUTE ] array (
  'type' => 'module',
  'module' => 
  array (
    0 => NULL,
    1 => '',
    2 => NULL,
  ),
)
[ info ] [ HEADER ] array (
  'host' => 'local.company.com',
  'user-agent' => 'Mozilla/5.0 (Windows NT 6.1; WOW64; rv:52.0) Gecko/20100101 Firefox/52.0',
  'accept' => 'text/html,application/xhtml+xml,application/xml;q=0.9,*/*;q=0.8',
  'accept-language' => 'zh-CN,zh;q=0.8,en-US;q=0.5,en;q=0.3',
  'accept-encoding' => 'gzip, deflate',
  'cookie' => 'pgv_pvi=2215779328',
  'connection' => 'keep-alive',
  'upgrade-insecure-requests' => '1',
  'cache-control' => 'max-age=0',
)
[ info ] [ PARAM ] array (
)
[ info ] [ RUN ] app\controller\Index->index[ E:\xampp\htdocs\local.company.com\application\controller\Index.php ]
[ info ] [ VIEW ] ../template/default/index.html [ array (
) ]
[ info ] [ LOG ] INIT File

---------------------------------------------------------------
[ 2017-04-07T14:06:40+08:00 ] 127.0.0.1 127.0.0.1 GET /public/
[ log ] local.company.com/public/ [运行时间：0.023001s][吞吐率：43.48req/s] [内存消耗：1,803.29kb] [文件加载：47]
[ info ] [ LANG ] E:\xampp\htdocs\local.company.com\thinkphp\lang\zh-cn.php
[ info ] [ ROUTE ] array (
  'type' => 'module',
  'module' => 
  array (
    0 => NULL,
    1 => '',
    2 => NULL,
  ),
)
[ info ] [ HEADER ] array (
  'host' => 'local.company.com',
  'user-agent' => 'Mozilla/5.0 (Windows NT 6.1; WOW64; rv:52.0) Gecko/20100101 Firefox/52.0',
  'accept' => 'text/html,application/xhtml+xml,application/xml;q=0.9,*/*;q=0.8',
  'accept-language' => 'zh-CN,zh;q=0.8,en-US;q=0.5,en;q=0.3',
  'accept-encoding' => 'gzip, deflate',
  'cookie' => 'pgv_pvi=2215779328',
  'connection' => 'keep-alive',
  'upgrade-insecure-requests' => '1',
  'cache-control' => 'max-age=0',
)
[ info ] [ PARAM ] array (
)
[ info ] [ RUN ] app\controller\Index->index[ E:\xampp\htdocs\local.company.com\application\controller\Index.php ]
[ info ] [ VIEW ] ../template/default/index.html [ array (
) ]
[ info ] [ LOG ] INIT File

---------------------------------------------------------------
[ 2017-04-07T14:07:10+08:00 ] 127.0.0.1 127.0.0.1 GET /public/
[ log ] local.company.com/public/ [运行时间：0.026002s][吞吐率：38.46req/s] [内存消耗：1,803.25kb] [文件加载：47]
[ info ] [ LANG ] E:\xampp\htdocs\local.company.com\thinkphp\lang\zh-cn.php
[ info ] [ ROUTE ] array (
  'type' => 'module',
  'module' => 
  array (
    0 => NULL,
    1 => '',
    2 => NULL,
  ),
)
[ info ] [ HEADER ] array (
  'host' => 'local.company.com',
  'user-agent' => 'Mozilla/5.0 (Windows NT 6.1; WOW64; rv:52.0) Gecko/20100101 Firefox/52.0',
  'accept' => 'text/html,application/xhtml+xml,application/xml;q=0.9,*/*;q=0.8',
  'accept-language' => 'zh-CN,zh;q=0.8,en-US;q=0.5,en;q=0.3',
  'accept-encoding' => 'gzip, deflate',
  'cookie' => 'pgv_pvi=2215779328',
  'connection' => 'keep-alive',
  'upgrade-insecure-requests' => '1',
  'cache-control' => 'max-age=0',
)
[ info ] [ PARAM ] array (
)
[ info ] [ RUN ] app\controller\Index->index[ E:\xampp\htdocs\local.company.com\application\controller\Index.php ]
[ info ] [ VIEW ] ../template/default/index.html [ array (
) ]
[ info ] [ LOG ] INIT File

---------------------------------------------------------------
[ 2017-04-07T14:07:27+08:00 ] 127.0.0.1 127.0.0.1 GET /public/
[ log ] local.company.com/public/ [运行时间：0.025002s][吞吐率：40.00req/s] [内存消耗：1,803.34kb] [文件加载：47]
[ info ] [ LANG ] E:\xampp\htdocs\local.company.com\thinkphp\lang\zh-cn.php
[ info ] [ ROUTE ] array (
  'type' => 'module',
  'module' => 
  array (
    0 => NULL,
    1 => '',
    2 => NULL,
  ),
)
[ info ] [ HEADER ] array (
  'host' => 'local.company.com',
  'user-agent' => 'Mozilla/5.0 (Windows NT 6.1; WOW64; rv:52.0) Gecko/20100101 Firefox/52.0',
  'accept' => 'text/html,application/xhtml+xml,application/xml;q=0.9,*/*;q=0.8',
  'accept-language' => 'zh-CN,zh;q=0.8,en-US;q=0.5,en;q=0.3',
  'accept-encoding' => 'gzip, deflate',
  'cookie' => 'pgv_pvi=2215779328',
  'connection' => 'keep-alive',
  'upgrade-insecure-requests' => '1',
  'cache-control' => 'max-age=0',
)
[ info ] [ PARAM ] array (
)
[ info ] [ RUN ] app\controller\Index->index[ E:\xampp\htdocs\local.company.com\application\controller\Index.php ]
[ info ] [ VIEW ] ../template/default/index.html [ array (
) ]
[ info ] [ LOG ] INIT File

---------------------------------------------------------------
[ 2017-04-07T14:07:50+08:00 ] 127.0.0.1 127.0.0.1 GET /public/
[ log ] local.company.com/public/ [运行时间：0.026001s][吞吐率：38.46req/s] [内存消耗：1,803.34kb] [文件加载：47]
[ info ] [ LANG ] E:\xampp\htdocs\local.company.com\thinkphp\lang\zh-cn.php
[ info ] [ ROUTE ] array (
  'type' => 'module',
  'module' => 
  array (
    0 => NULL,
    1 => '',
    2 => NULL,
  ),
)
[ info ] [ HEADER ] array (
  'host' => 'local.company.com',
  'user-agent' => 'Mozilla/5.0 (Windows NT 6.1; WOW64; rv:52.0) Gecko/20100101 Firefox/52.0',
  'accept' => 'text/html,application/xhtml+xml,application/xml;q=0.9,*/*;q=0.8',
  'accept-language' => 'zh-CN,zh;q=0.8,en-US;q=0.5,en;q=0.3',
  'accept-encoding' => 'gzip, deflate',
  'cookie' => 'pgv_pvi=2215779328',
  'connection' => 'keep-alive',
  'upgrade-insecure-requests' => '1',
  'cache-control' => 'max-age=0',
)
[ info ] [ PARAM ] array (
)
[ info ] [ RUN ] app\controller\Index->index[ E:\xampp\htdocs\local.company.com\application\controller\Index.php ]
[ info ] [ VIEW ] ../template/default/index.html [ array (
) ]
[ info ] [ LOG ] INIT File

---------------------------------------------------------------
[ 2017-04-07T14:08:14+08:00 ] 127.0.0.1 127.0.0.1 GET /public/
[ log ] local.company.com/public/ [运行时间：0.026002s][吞吐率：38.46req/s] [内存消耗：1,803.47kb] [文件加载：47]
[ info ] [ LANG ] E:\xampp\htdocs\local.company.com\thinkphp\lang\zh-cn.php
[ info ] [ ROUTE ] array (
  'type' => 'module',
  'module' => 
  array (
    0 => NULL,
    1 => '',
    2 => NULL,
  ),
)
[ info ] [ HEADER ] array (
  'host' => 'local.company.com',
  'user-agent' => 'Mozilla/5.0 (Windows NT 6.1; WOW64; rv:52.0) Gecko/20100101 Firefox/52.0',
  'accept' => 'text/html,application/xhtml+xml,application/xml;q=0.9,*/*;q=0.8',
  'accept-language' => 'zh-CN,zh;q=0.8,en-US;q=0.5,en;q=0.3',
  'accept-encoding' => 'gzip, deflate',
  'cookie' => 'pgv_pvi=2215779328',
  'connection' => 'keep-alive',
  'upgrade-insecure-requests' => '1',
  'cache-control' => 'max-age=0',
)
[ info ] [ PARAM ] array (
)
[ info ] [ RUN ] app\controller\Index->index[ E:\xampp\htdocs\local.company.com\application\controller\Index.php ]
[ info ] [ VIEW ] ../template/default/index.html [ array (
) ]
[ info ] [ LOG ] INIT File

---------------------------------------------------------------
[ 2017-04-07T14:08:36+08:00 ] 127.0.0.1 127.0.0.1 GET /public/
[ log ] local.company.com/public/ [运行时间：0.023001s][吞吐率：43.48req/s] [内存消耗：1,803.41kb] [文件加载：47]
[ info ] [ LANG ] E:\xampp\htdocs\local.company.com\thinkphp\lang\zh-cn.php
[ info ] [ ROUTE ] array (
  'type' => 'module',
  'module' => 
  array (
    0 => NULL,
    1 => '',
    2 => NULL,
  ),
)
[ info ] [ HEADER ] array (
  'host' => 'local.company.com',
  'user-agent' => 'Mozilla/5.0 (Windows NT 6.1; WOW64; rv:52.0) Gecko/20100101 Firefox/52.0',
  'accept' => 'text/html,application/xhtml+xml,application/xml;q=0.9,*/*;q=0.8',
  'accept-language' => 'zh-CN,zh;q=0.8,en-US;q=0.5,en;q=0.3',
  'accept-encoding' => 'gzip, deflate',
  'cookie' => 'pgv_pvi=2215779328',
  'connection' => 'keep-alive',
  'upgrade-insecure-requests' => '1',
  'cache-control' => 'max-age=0',
)
[ info ] [ PARAM ] array (
)
[ info ] [ RUN ] app\controller\Index->index[ E:\xampp\htdocs\local.company.com\application\controller\Index.php ]
[ info ] [ VIEW ] ../template/default/index.html [ array (
) ]
[ info ] [ LOG ] INIT File

---------------------------------------------------------------
[ 2017-04-07T14:09:29+08:00 ] 127.0.0.1 127.0.0.1 GET /public/
[ log ] local.company.com/public/ [运行时间：0.026002s][吞吐率：38.46req/s] [内存消耗：1,803.34kb] [文件加载：47]
[ info ] [ LANG ] E:\xampp\htdocs\local.company.com\thinkphp\lang\zh-cn.php
[ info ] [ ROUTE ] array (
  'type' => 'module',
  'module' => 
  array (
    0 => NULL,
    1 => '',
    2 => NULL,
  ),
)
[ info ] [ HEADER ] array (
  'host' => 'local.company.com',
  'user-agent' => 'Mozilla/5.0 (Windows NT 6.1; WOW64; rv:52.0) Gecko/20100101 Firefox/52.0',
  'accept' => 'text/html,application/xhtml+xml,application/xml;q=0.9,*/*;q=0.8',
  'accept-language' => 'zh-CN,zh;q=0.8,en-US;q=0.5,en;q=0.3',
  'accept-encoding' => 'gzip, deflate',
  'cookie' => 'pgv_pvi=2215779328',
  'connection' => 'keep-alive',
  'upgrade-insecure-requests' => '1',
  'cache-control' => 'max-age=0',
)
[ info ] [ PARAM ] array (
)
[ info ] [ RUN ] app\controller\Index->index[ E:\xampp\htdocs\local.company.com\application\controller\Index.php ]
[ info ] [ VIEW ] ../template/default/index.html [ array (
) ]
[ info ] [ LOG ] INIT File

---------------------------------------------------------------
[ 2017-04-07T14:10:02+08:00 ] 127.0.0.1 127.0.0.1 GET /public/
[ log ] local.company.com/public/ [运行时间：0.023001s][吞吐率：43.48req/s] [内存消耗：1,803.48kb] [文件加载：47]
[ info ] [ LANG ] E:\xampp\htdocs\local.company.com\thinkphp\lang\zh-cn.php
[ info ] [ ROUTE ] array (
  'type' => 'module',
  'module' => 
  array (
    0 => NULL,
    1 => '',
    2 => NULL,
  ),
)
[ info ] [ HEADER ] array (
  'host' => 'local.company.com',
  'user-agent' => 'Mozilla/5.0 (Windows NT 6.1; WOW64; rv:52.0) Gecko/20100101 Firefox/52.0',
  'accept' => 'text/html,application/xhtml+xml,application/xml;q=0.9,*/*;q=0.8',
  'accept-language' => 'zh-CN,zh;q=0.8,en-US;q=0.5,en;q=0.3',
  'accept-encoding' => 'gzip, deflate',
  'cookie' => 'pgv_pvi=2215779328',
  'connection' => 'keep-alive',
  'upgrade-insecure-requests' => '1',
  'cache-control' => 'max-age=0',
)
[ info ] [ PARAM ] array (
)
[ info ] [ RUN ] app\controller\Index->index[ E:\xampp\htdocs\local.company.com\application\controller\Index.php ]
[ info ] [ VIEW ] ../template/default/index.html [ array (
) ]
[ info ] [ LOG ] INIT File

---------------------------------------------------------------
[ 2017-04-07T14:10:09+08:00 ] 127.0.0.1 127.0.0.1 GET /public/
[ log ] local.company.com/public/ [运行时间：0.023001s][吞吐率：43.48req/s] [内存消耗：1,803.48kb] [文件加载：47]
[ info ] [ LANG ] E:\xampp\htdocs\local.company.com\thinkphp\lang\zh-cn.php
[ info ] [ ROUTE ] array (
  'type' => 'module',
  'module' => 
  array (
    0 => NULL,
    1 => '',
    2 => NULL,
  ),
)
[ info ] [ HEADER ] array (
  'host' => 'local.company.com',
  'user-agent' => 'Mozilla/5.0 (Windows NT 6.1; WOW64; rv:52.0) Gecko/20100101 Firefox/52.0',
  'accept' => 'text/html,application/xhtml+xml,application/xml;q=0.9,*/*;q=0.8',
  'accept-language' => 'zh-CN,zh;q=0.8,en-US;q=0.5,en;q=0.3',
  'accept-encoding' => 'gzip, deflate',
  'cookie' => 'pgv_pvi=2215779328',
  'connection' => 'keep-alive',
  'upgrade-insecure-requests' => '1',
  'cache-control' => 'max-age=0',
)
[ info ] [ PARAM ] array (
)
[ info ] [ RUN ] app\controller\Index->index[ E:\xampp\htdocs\local.company.com\application\controller\Index.php ]
[ info ] [ VIEW ] ../template/default/index.html [ array (
) ]
[ info ] [ LOG ] INIT File

---------------------------------------------------------------
[ 2017-04-07T14:10:27+08:00 ] 127.0.0.1 127.0.0.1 GET /public/
[ log ] local.company.com/public/ [运行时间：0.026001s][吞吐率：38.46req/s] [内存消耗：1,803.48kb] [文件加载：47]
[ info ] [ LANG ] E:\xampp\htdocs\local.company.com\thinkphp\lang\zh-cn.php
[ info ] [ ROUTE ] array (
  'type' => 'module',
  'module' => 
  array (
    0 => NULL,
    1 => '',
    2 => NULL,
  ),
)
[ info ] [ HEADER ] array (
  'host' => 'local.company.com',
  'user-agent' => 'Mozilla/5.0 (Windows NT 6.1; WOW64; rv:52.0) Gecko/20100101 Firefox/52.0',
  'accept' => 'text/html,application/xhtml+xml,application/xml;q=0.9,*/*;q=0.8',
  'accept-language' => 'zh-CN,zh;q=0.8,en-US;q=0.5,en;q=0.3',
  'accept-encoding' => 'gzip, deflate',
  'cookie' => 'pgv_pvi=2215779328',
  'connection' => 'keep-alive',
  'upgrade-insecure-requests' => '1',
  'cache-control' => 'max-age=0',
)
[ info ] [ PARAM ] array (
)
[ info ] [ RUN ] app\controller\Index->index[ E:\xampp\htdocs\local.company.com\application\controller\Index.php ]
[ info ] [ VIEW ] ../template/default/index.html [ array (
) ]
[ info ] [ LOG ] INIT File

---------------------------------------------------------------
[ 2017-04-07T14:10:36+08:00 ] 127.0.0.1 127.0.0.1 GET /public/
[ log ] local.company.com/public/ [运行时间：0.026002s][吞吐率：38.46req/s] [内存消耗：1,803.48kb] [文件加载：47]
[ info ] [ LANG ] E:\xampp\htdocs\local.company.com\thinkphp\lang\zh-cn.php
[ info ] [ ROUTE ] array (
  'type' => 'module',
  'module' => 
  array (
    0 => NULL,
    1 => '',
    2 => NULL,
  ),
)
[ info ] [ HEADER ] array (
  'host' => 'local.company.com',
  'user-agent' => 'Mozilla/5.0 (Windows NT 6.1; WOW64; rv:52.0) Gecko/20100101 Firefox/52.0',
  'accept' => 'text/html,application/xhtml+xml,application/xml;q=0.9,*/*;q=0.8',
  'accept-language' => 'zh-CN,zh;q=0.8,en-US;q=0.5,en;q=0.3',
  'accept-encoding' => 'gzip, deflate',
  'cookie' => 'pgv_pvi=2215779328',
  'connection' => 'keep-alive',
  'upgrade-insecure-requests' => '1',
  'cache-control' => 'max-age=0',
)
[ info ] [ PARAM ] array (
)
[ info ] [ RUN ] app\controller\Index->index[ E:\xampp\htdocs\local.company.com\application\controller\Index.php ]
[ info ] [ VIEW ] ../template/default/index.html [ array (
) ]
[ info ] [ LOG ] INIT File

---------------------------------------------------------------
[ 2017-04-07T14:13:45+08:00 ] 127.0.0.1 127.0.0.1 GET /public/
[ log ] local.company.com/public/ [运行时间：0.026001s][吞吐率：38.46req/s] [内存消耗：1,803.48kb] [文件加载：47]
[ info ] [ LANG ] E:\xampp\htdocs\local.company.com\thinkphp\lang\zh-cn.php
[ info ] [ ROUTE ] array (
  'type' => 'module',
  'module' => 
  array (
    0 => NULL,
    1 => '',
    2 => NULL,
  ),
)
[ info ] [ HEADER ] array (
  'host' => 'local.company.com',
  'user-agent' => 'Mozilla/5.0 (Windows NT 6.1; WOW64; rv:52.0) Gecko/20100101 Firefox/52.0',
  'accept' => 'text/html,application/xhtml+xml,application/xml;q=0.9,*/*;q=0.8',
  'accept-language' => 'zh-CN,zh;q=0.8,en-US;q=0.5,en;q=0.3',
  'accept-encoding' => 'gzip, deflate',
  'cookie' => 'pgv_pvi=2215779328',
  'connection' => 'keep-alive',
  'upgrade-insecure-requests' => '1',
  'cache-control' => 'max-age=0',
)
[ info ] [ PARAM ] array (
)
[ info ] [ RUN ] app\controller\Index->index[ E:\xampp\htdocs\local.company.com\application\controller\Index.php ]
[ info ] [ VIEW ] ../template/default/index.html [ array (
) ]
[ info ] [ LOG ] INIT File

---------------------------------------------------------------
[ 2017-04-07T14:15:12+08:00 ] 127.0.0.1 127.0.0.1 GET /public/
[ log ] local.company.com/public/ [运行时间：0.023001s][吞吐率：43.48req/s] [内存消耗：1,803.48kb] [文件加载：47]
[ info ] [ LANG ] E:\xampp\htdocs\local.company.com\thinkphp\lang\zh-cn.php
[ info ] [ ROUTE ] array (
  'type' => 'module',
  'module' => 
  array (
    0 => NULL,
    1 => '',
    2 => NULL,
  ),
)
[ info ] [ HEADER ] array (
  'host' => 'local.company.com',
  'user-agent' => 'Mozilla/5.0 (Windows NT 6.1; WOW64; rv:52.0) Gecko/20100101 Firefox/52.0',
  'accept' => 'text/html,application/xhtml+xml,application/xml;q=0.9,*/*;q=0.8',
  'accept-language' => 'zh-CN,zh;q=0.8,en-US;q=0.5,en;q=0.3',
  'accept-encoding' => 'gzip, deflate',
  'cookie' => 'pgv_pvi=2215779328',
  'connection' => 'keep-alive',
  'upgrade-insecure-requests' => '1',
  'cache-control' => 'max-age=0',
)
[ info ] [ PARAM ] array (
)
[ info ] [ RUN ] app\controller\Index->index[ E:\xampp\htdocs\local.company.com\application\controller\Index.php ]
[ info ] [ VIEW ] ../template/default/index.html [ array (
) ]
[ info ] [ LOG ] INIT File

---------------------------------------------------------------
[ 2017-04-07T15:24:34+08:00 ] 127.0.0.1 127.0.0.1 GET /public/
[ log ] local.company.com/public/ [运行时间：0.045002s][吞吐率：22.22req/s] [内存消耗：1,803.47kb] [文件加载：47]
[ info ] [ LANG ] E:\xampp\htdocs\local.company.com\thinkphp\lang\zh-cn.php
[ info ] [ ROUTE ] array (
  'type' => 'module',
  'module' => 
  array (
    0 => NULL,
    1 => '',
    2 => NULL,
  ),
)
[ info ] [ HEADER ] array (
  'host' => 'local.company.com',
  'user-agent' => 'Mozilla/5.0 (Windows NT 6.1; WOW64; rv:52.0) Gecko/20100101 Firefox/52.0',
  'accept' => 'text/html,application/xhtml+xml,application/xml;q=0.9,*/*;q=0.8',
  'accept-language' => 'zh-CN,zh;q=0.8,en-US;q=0.5,en;q=0.3',
  'accept-encoding' => 'gzip, deflate',
  'cookie' => 'pgv_pvi=2215779328',
  'connection' => 'keep-alive',
  'upgrade-insecure-requests' => '1',
  'cache-control' => 'max-age=0',
)
[ info ] [ PARAM ] array (
)
[ info ] [ RUN ] app\controller\Index->index[ E:\xampp\htdocs\local.company.com\application\controller\Index.php ]
[ info ] [ VIEW ] ../template/default/index.html [ array (
) ]
[ info ] [ LOG ] INIT File

---------------------------------------------------------------
[ 2017-04-07T15:25:51+08:00 ] 127.0.0.1 127.0.0.1 GET /public/
[ log ] local.company.com/public/ [运行时间：0.020001s][吞吐率：50.00req/s] [内存消耗：1,642.00kb] [文件加载：45]
[ info ] [ LANG ] E:\xampp\htdocs\local.company.com\thinkphp\lang\zh-cn.php
[ info ] [ ROUTE ] array (
  'type' => 'module',
  'module' => 
  array (
    0 => NULL,
    1 => '',
    2 => NULL,
  ),
)
[ info ] [ HEADER ] array (
  'host' => 'local.company.com',
  'user-agent' => 'Mozilla/5.0 (Windows NT 6.1; WOW64; rv:52.0) Gecko/20100101 Firefox/52.0',
  'accept' => 'text/html,application/xhtml+xml,application/xml;q=0.9,*/*;q=0.8',
  'accept-language' => 'zh-CN,zh;q=0.8,en-US;q=0.5,en;q=0.3',
  'accept-encoding' => 'gzip, deflate',
  'cookie' => 'pgv_pvi=2215779328',
  'connection' => 'keep-alive',
  'upgrade-insecure-requests' => '1',
  'cache-control' => 'max-age=0',
)
[ info ] [ PARAM ] array (
)
[ info ] [ RUN ] app\controller\Index->index[ E:\xampp\htdocs\local.company.com\application\controller\Index.php ]
[ info ] [ VIEW ] ../template/default/index.html [ array (
) ]
[ info ] [ LOG ] INIT File

---------------------------------------------------------------
[ 2017-04-07T15:26:04+08:00 ] 127.0.0.1 127.0.0.1 GET /public/
[ log ] local.company.com/public/ [运行时间：0.023001s][吞吐率：43.48req/s] [内存消耗：1,642.00kb] [文件加载：45]
[ info ] [ LANG ] E:\xampp\htdocs\local.company.com\thinkphp\lang\zh-cn.php
[ info ] [ ROUTE ] array (
  'type' => 'module',
  'module' => 
  array (
    0 => NULL,
    1 => '',
    2 => NULL,
  ),
)
[ info ] [ HEADER ] array (
  'host' => 'local.company.com',
  'user-agent' => 'Mozilla/5.0 (Windows NT 6.1; WOW64; rv:52.0) Gecko/20100101 Firefox/52.0',
  'accept' => 'text/html,application/xhtml+xml,application/xml;q=0.9,*/*;q=0.8',
  'accept-language' => 'zh-CN,zh;q=0.8,en-US;q=0.5,en;q=0.3',
  'accept-encoding' => 'gzip, deflate',
  'cookie' => 'pgv_pvi=2215779328',
  'connection' => 'keep-alive',
  'upgrade-insecure-requests' => '1',
  'cache-control' => 'max-age=0',
)
[ info ] [ PARAM ] array (
)
[ info ] [ RUN ] app\controller\Index->index[ E:\xampp\htdocs\local.company.com\application\controller\Index.php ]
[ info ] [ VIEW ] ../template/default/index.html [ array (
) ]
[ info ] [ LOG ] INIT File

---------------------------------------------------------------
[ 2017-04-07T15:26:14+08:00 ] 127.0.0.1 127.0.0.1 GET /public/
[ log ] local.company.com/public/ [运行时间：0.021001s][吞吐率：47.62req/s] [内存消耗：1,642.00kb] [文件加载：45]
[ info ] [ LANG ] E:\xampp\htdocs\local.company.com\thinkphp\lang\zh-cn.php
[ info ] [ ROUTE ] array (
  'type' => 'module',
  'module' => 
  array (
    0 => NULL,
    1 => '',
    2 => NULL,
  ),
)
[ info ] [ HEADER ] array (
  'host' => 'local.company.com',
  'user-agent' => 'Mozilla/5.0 (Windows NT 6.1; WOW64; rv:52.0) Gecko/20100101 Firefox/52.0',
  'accept' => 'text/html,application/xhtml+xml,application/xml;q=0.9,*/*;q=0.8',
  'accept-language' => 'zh-CN,zh;q=0.8,en-US;q=0.5,en;q=0.3',
  'accept-encoding' => 'gzip, deflate',
  'cookie' => 'pgv_pvi=2215779328',
  'connection' => 'keep-alive',
  'upgrade-insecure-requests' => '1',
  'cache-control' => 'max-age=0',
)
[ info ] [ PARAM ] array (
)
[ info ] [ RUN ] app\controller\Index->index[ E:\xampp\htdocs\local.company.com\application\controller\Index.php ]
[ info ] [ VIEW ] ../template/default/index.html [ array (
) ]
[ info ] [ LOG ] INIT File

---------------------------------------------------------------
[ 2017-04-07T15:26:26+08:00 ] 127.0.0.1 127.0.0.1 GET /public/
[ log ] local.company.com/public/ [运行时间：0.020002s][吞吐率：49.99req/s] [内存消耗：1,642.00kb] [文件加载：45]
[ info ] [ LANG ] E:\xampp\htdocs\local.company.com\thinkphp\lang\zh-cn.php
[ info ] [ ROUTE ] array (
  'type' => 'module',
  'module' => 
  array (
    0 => NULL,
    1 => '',
    2 => NULL,
  ),
)
[ info ] [ HEADER ] array (
  'host' => 'local.company.com',
  'user-agent' => 'Mozilla/5.0 (Windows NT 6.1; WOW64; rv:52.0) Gecko/20100101 Firefox/52.0',
  'accept' => 'text/html,application/xhtml+xml,application/xml;q=0.9,*/*;q=0.8',
  'accept-language' => 'zh-CN,zh;q=0.8,en-US;q=0.5,en;q=0.3',
  'accept-encoding' => 'gzip, deflate',
  'cookie' => 'pgv_pvi=2215779328',
  'connection' => 'keep-alive',
  'upgrade-insecure-requests' => '1',
  'cache-control' => 'max-age=0',
)
[ info ] [ PARAM ] array (
)
[ info ] [ RUN ] app\controller\Index->index[ E:\xampp\htdocs\local.company.com\application\controller\Index.php ]
[ info ] [ VIEW ] ../template/default/index.html [ array (
) ]
[ info ] [ LOG ] INIT File

---------------------------------------------------------------
[ 2017-04-07T15:26:32+08:00 ] 127.0.0.1 127.0.0.1 GET /public/
[ log ] local.company.com/public/ [运行时间：0.020002s][吞吐率：49.99req/s] [内存消耗：1,642.00kb] [文件加载：45]
[ info ] [ LANG ] E:\xampp\htdocs\local.company.com\thinkphp\lang\zh-cn.php
[ info ] [ ROUTE ] array (
  'type' => 'module',
  'module' => 
  array (
    0 => NULL,
    1 => '',
    2 => NULL,
  ),
)
[ info ] [ HEADER ] array (
  'host' => 'local.company.com',
  'user-agent' => 'Mozilla/5.0 (Windows NT 6.1; WOW64; rv:52.0) Gecko/20100101 Firefox/52.0',
  'accept' => 'text/html,application/xhtml+xml,application/xml;q=0.9,*/*;q=0.8',
  'accept-language' => 'zh-CN,zh;q=0.8,en-US;q=0.5,en;q=0.3',
  'accept-encoding' => 'gzip, deflate',
  'cookie' => 'pgv_pvi=2215779328',
  'connection' => 'keep-alive',
  'upgrade-insecure-requests' => '1',
  'cache-control' => 'max-age=0',
)
[ info ] [ PARAM ] array (
)
[ info ] [ RUN ] app\controller\Index->index[ E:\xampp\htdocs\local.company.com\application\controller\Index.php ]
[ info ] [ VIEW ] ../template/default/index.html [ array (
) ]
[ info ] [ LOG ] INIT File

---------------------------------------------------------------
[ 2017-04-07T15:26:39+08:00 ] 127.0.0.1 127.0.0.1 GET /public/
[ log ] local.company.com/public/ [运行时间：0.023002s][吞吐率：43.47req/s] [内存消耗：1,642.00kb] [文件加载：45]
[ info ] [ LANG ] E:\xampp\htdocs\local.company.com\thinkphp\lang\zh-cn.php
[ info ] [ ROUTE ] array (
  'type' => 'module',
  'module' => 
  array (
    0 => NULL,
    1 => '',
    2 => NULL,
  ),
)
[ info ] [ HEADER ] array (
  'host' => 'local.company.com',
  'user-agent' => 'Mozilla/5.0 (Windows NT 6.1; WOW64; rv:52.0) Gecko/20100101 Firefox/52.0',
  'accept' => 'text/html,application/xhtml+xml,application/xml;q=0.9,*/*;q=0.8',
  'accept-language' => 'zh-CN,zh;q=0.8,en-US;q=0.5,en;q=0.3',
  'accept-encoding' => 'gzip, deflate',
  'cookie' => 'pgv_pvi=2215779328',
  'connection' => 'keep-alive',
  'upgrade-insecure-requests' => '1',
  'cache-control' => 'max-age=0',
)
[ info ] [ PARAM ] array (
)
[ info ] [ RUN ] app\controller\Index->index[ E:\xampp\htdocs\local.company.com\application\controller\Index.php ]
[ info ] [ VIEW ] ../template/default/index.html [ array (
) ]
[ info ] [ LOG ] INIT File

---------------------------------------------------------------
[ 2017-04-07T15:27:25+08:00 ] 127.0.0.1 127.0.0.1 GET /public/
[ log ] local.company.com/public/ [运行时间：0.026002s][吞吐率：38.46req/s] [内存消耗：1,803.47kb] [文件加载：47]
[ info ] [ LANG ] E:\xampp\htdocs\local.company.com\thinkphp\lang\zh-cn.php
[ info ] [ ROUTE ] array (
  'type' => 'module',
  'module' => 
  array (
    0 => NULL,
    1 => '',
    2 => NULL,
  ),
)
[ info ] [ HEADER ] array (
  'host' => 'local.company.com',
  'user-agent' => 'Mozilla/5.0 (Windows NT 6.1; WOW64; rv:52.0) Gecko/20100101 Firefox/52.0',
  'accept' => 'text/html,application/xhtml+xml,application/xml;q=0.9,*/*;q=0.8',
  'accept-language' => 'zh-CN,zh;q=0.8,en-US;q=0.5,en;q=0.3',
  'accept-encoding' => 'gzip, deflate',
  'cookie' => 'pgv_pvi=2215779328',
  'connection' => 'keep-alive',
  'upgrade-insecure-requests' => '1',
  'cache-control' => 'max-age=0',
)
[ info ] [ PARAM ] array (
)
[ info ] [ RUN ] app\controller\Index->index[ E:\xampp\htdocs\local.company.com\application\controller\Index.php ]
[ info ] [ VIEW ] ../template/default/index.html [ array (
) ]
[ info ] [ LOG ] INIT File

---------------------------------------------------------------
[ 2017-04-07T15:27:41+08:00 ] 127.0.0.1 127.0.0.1 GET /public/
[ log ] local.company.com/public/ [运行时间：0.023001s][吞吐率：43.48req/s] [内存消耗：1,803.47kb] [文件加载：47]
[ info ] [ LANG ] E:\xampp\htdocs\local.company.com\thinkphp\lang\zh-cn.php
[ info ] [ ROUTE ] array (
  'type' => 'module',
  'module' => 
  array (
    0 => NULL,
    1 => '',
    2 => NULL,
  ),
)
[ info ] [ HEADER ] array (
  'host' => 'local.company.com',
  'user-agent' => 'Mozilla/5.0 (Windows NT 6.1; WOW64; rv:52.0) Gecko/20100101 Firefox/52.0',
  'accept' => 'text/html,application/xhtml+xml,application/xml;q=0.9,*/*;q=0.8',
  'accept-language' => 'zh-CN,zh;q=0.8,en-US;q=0.5,en;q=0.3',
  'accept-encoding' => 'gzip, deflate',
  'cookie' => 'pgv_pvi=2215779328',
  'connection' => 'keep-alive',
  'upgrade-insecure-requests' => '1',
  'cache-control' => 'max-age=0',
)
[ info ] [ PARAM ] array (
)
[ info ] [ RUN ] app\controller\Index->index[ E:\xampp\htdocs\local.company.com\application\controller\Index.php ]
[ info ] [ VIEW ] ../template/default/index.html [ array (
) ]
[ info ] [ LOG ] INIT File

---------------------------------------------------------------
[ 2017-04-07T15:28:48+08:00 ] 127.0.0.1 127.0.0.1 GET /public/
[ log ] local.company.com/public/ [运行时间：0.024002s][吞吐率：41.66req/s] [内存消耗：1,641.92kb] [文件加载：45]
[ info ] [ LANG ] E:\xampp\htdocs\local.company.com\thinkphp\lang\zh-cn.php
[ info ] [ ROUTE ] array (
  'type' => 'module',
  'module' => 
  array (
    0 => NULL,
    1 => '',
    2 => NULL,
  ),
)
[ info ] [ HEADER ] array (
  'host' => 'local.company.com',
  'user-agent' => 'Mozilla/5.0 (Windows NT 6.1; WOW64; rv:52.0) Gecko/20100101 Firefox/52.0',
  'accept' => 'text/html,application/xhtml+xml,application/xml;q=0.9,*/*;q=0.8',
  'accept-language' => 'zh-CN,zh;q=0.8,en-US;q=0.5,en;q=0.3',
  'accept-encoding' => 'gzip, deflate',
  'cookie' => 'pgv_pvi=2215779328',
  'connection' => 'keep-alive',
  'upgrade-insecure-requests' => '1',
)
[ info ] [ PARAM ] array (
)
[ info ] [ RUN ] app\controller\Index->index[ E:\xampp\htdocs\local.company.com\application\controller\Index.php ]
[ info ] [ VIEW ] ../template/default/index.html [ array (
) ]
[ info ] [ LOG ] INIT File

---------------------------------------------------------------
[ 2017-04-07T15:31:18+08:00 ] 127.0.0.1 127.0.0.1 GET /public/
[ log ] local.company.com/public/ [运行时间：0.025002s][吞吐率：40.00req/s] [内存消耗：1,803.48kb] [文件加载：47]
[ info ] [ LANG ] E:\xampp\htdocs\local.company.com\thinkphp\lang\zh-cn.php
[ info ] [ ROUTE ] array (
  'type' => 'module',
  'module' => 
  array (
    0 => NULL,
    1 => '',
    2 => NULL,
  ),
)
[ info ] [ HEADER ] array (
  'host' => 'local.company.com',
  'user-agent' => 'Mozilla/5.0 (Windows NT 6.1; WOW64; rv:52.0) Gecko/20100101 Firefox/52.0',
  'accept' => 'text/html,application/xhtml+xml,application/xml;q=0.9,*/*;q=0.8',
  'accept-language' => 'zh-CN,zh;q=0.8,en-US;q=0.5,en;q=0.3',
  'accept-encoding' => 'gzip, deflate',
  'cookie' => 'pgv_pvi=2215779328',
  'connection' => 'keep-alive',
  'upgrade-insecure-requests' => '1',
  'cache-control' => 'max-age=0',
)
[ info ] [ PARAM ] array (
)
[ info ] [ RUN ] app\controller\Index->index[ E:\xampp\htdocs\local.company.com\application\controller\Index.php ]
[ info ] [ VIEW ] ../template/default/index.html [ array (
) ]
[ info ] [ LOG ] INIT File

---------------------------------------------------------------
[ 2017-04-07T15:31:21+08:00 ] 127.0.0.1 127.0.0.1 GET /public/
[ log ] local.company.com/public/ [运行时间：0.020001s][吞吐率：50.00req/s] [内存消耗：1,642.00kb] [文件加载：45]
[ info ] [ LANG ] E:\xampp\htdocs\local.company.com\thinkphp\lang\zh-cn.php
[ info ] [ ROUTE ] array (
  'type' => 'module',
  'module' => 
  array (
    0 => NULL,
    1 => '',
    2 => NULL,
  ),
)
[ info ] [ HEADER ] array (
  'host' => 'local.company.com',
  'user-agent' => 'Mozilla/5.0 (Windows NT 6.1; WOW64; rv:52.0) Gecko/20100101 Firefox/52.0',
  'accept' => 'text/html,application/xhtml+xml,application/xml;q=0.9,*/*;q=0.8',
  'accept-language' => 'zh-CN,zh;q=0.8,en-US;q=0.5,en;q=0.3',
  'accept-encoding' => 'gzip, deflate',
  'cookie' => 'pgv_pvi=2215779328',
  'connection' => 'keep-alive',
  'upgrade-insecure-requests' => '1',
  'cache-control' => 'max-age=0',
)
[ info ] [ PARAM ] array (
)
[ info ] [ RUN ] app\controller\Index->index[ E:\xampp\htdocs\local.company.com\application\controller\Index.php ]
[ info ] [ VIEW ] ../template/default/index.html [ array (
) ]
[ info ] [ LOG ] INIT File

---------------------------------------------------------------
[ 2017-04-07T15:31:31+08:00 ] 127.0.0.1 127.0.0.1 GET /public/
[ log ] local.company.com/public/ [运行时间：0.026002s][吞吐率：38.46req/s] [内存消耗：1,803.48kb] [文件加载：47]
[ info ] [ LANG ] E:\xampp\htdocs\local.company.com\thinkphp\lang\zh-cn.php
[ info ] [ ROUTE ] array (
  'type' => 'module',
  'module' => 
  array (
    0 => NULL,
    1 => '',
    2 => NULL,
  ),
)
[ info ] [ HEADER ] array (
  'host' => 'local.company.com',
  'user-agent' => 'Mozilla/5.0 (Windows NT 6.1; WOW64; rv:52.0) Gecko/20100101 Firefox/52.0',
  'accept' => 'text/html,application/xhtml+xml,application/xml;q=0.9,*/*;q=0.8',
  'accept-language' => 'zh-CN,zh;q=0.8,en-US;q=0.5,en;q=0.3',
  'accept-encoding' => 'gzip, deflate',
  'cookie' => 'pgv_pvi=2215779328',
  'connection' => 'keep-alive',
  'upgrade-insecure-requests' => '1',
  'cache-control' => 'max-age=0',
)
[ info ] [ PARAM ] array (
)
[ info ] [ RUN ] app\controller\Index->index[ E:\xampp\htdocs\local.company.com\application\controller\Index.php ]
[ info ] [ VIEW ] ../template/default/index.html [ array (
) ]
[ info ] [ LOG ] INIT File

---------------------------------------------------------------
[ 2017-04-07T15:35:55+08:00 ] 127.0.0.1 127.0.0.1 GET /public/
[ log ] local.company.com/public/ [运行时间：0.026001s][吞吐率：38.46req/s] [内存消耗：1,803.52kb] [文件加载：47]
[ info ] [ LANG ] E:\xampp\htdocs\local.company.com\thinkphp\lang\zh-cn.php
[ info ] [ ROUTE ] array (
  'type' => 'module',
  'module' => 
  array (
    0 => NULL,
    1 => '',
    2 => NULL,
  ),
)
[ info ] [ HEADER ] array (
  'host' => 'local.company.com',
  'user-agent' => 'Mozilla/5.0 (Windows NT 6.1; WOW64; rv:52.0) Gecko/20100101 Firefox/52.0',
  'accept' => 'text/html,application/xhtml+xml,application/xml;q=0.9,*/*;q=0.8',
  'accept-language' => 'zh-CN,zh;q=0.8,en-US;q=0.5,en;q=0.3',
  'accept-encoding' => 'gzip, deflate',
  'cookie' => 'pgv_pvi=2215779328',
  'connection' => 'keep-alive',
  'upgrade-insecure-requests' => '1',
  'cache-control' => 'max-age=0',
)
[ info ] [ PARAM ] array (
)
[ info ] [ RUN ] app\controller\Index->index[ E:\xampp\htdocs\local.company.com\application\controller\Index.php ]
[ info ] [ VIEW ] ../template/default/index.html [ array (
) ]
[ info ] [ LOG ] INIT File

---------------------------------------------------------------
[ 2017-04-07T15:36:30+08:00 ] 127.0.0.1 127.0.0.1 GET /public/
[ log ] local.company.com/public/ [运行时间：0.031001s][吞吐率：32.26req/s] [内存消耗：1,803.55kb] [文件加载：47]
[ info ] [ LANG ] E:\xampp\htdocs\local.company.com\thinkphp\lang\zh-cn.php
[ info ] [ ROUTE ] array (
  'type' => 'module',
  'module' => 
  array (
    0 => NULL,
    1 => '',
    2 => NULL,
  ),
)
[ info ] [ HEADER ] array (
  'host' => 'local.company.com',
  'user-agent' => 'Mozilla/5.0 (Windows NT 6.1; WOW64; rv:52.0) Gecko/20100101 Firefox/52.0',
  'accept' => 'text/html,application/xhtml+xml,application/xml;q=0.9,*/*;q=0.8',
  'accept-language' => 'zh-CN,zh;q=0.8,en-US;q=0.5,en;q=0.3',
  'accept-encoding' => 'gzip, deflate',
  'cookie' => 'pgv_pvi=2215779328',
  'connection' => 'keep-alive',
  'upgrade-insecure-requests' => '1',
  'cache-control' => 'max-age=0',
)
[ info ] [ PARAM ] array (
)
[ info ] [ RUN ] app\controller\Index->index[ E:\xampp\htdocs\local.company.com\application\controller\Index.php ]
[ info ] [ VIEW ] ../template/default/index.html [ array (
) ]
[ info ] [ LOG ] INIT File

---------------------------------------------------------------
[ 2017-04-07T15:38:54+08:00 ] 127.0.0.1 127.0.0.1 GET /public/
[ log ] local.company.com/public/ [运行时间：0.025002s][吞吐率：40.00req/s] [内存消耗：1,803.55kb] [文件加载：47]
[ info ] [ LANG ] E:\xampp\htdocs\local.company.com\thinkphp\lang\zh-cn.php
[ info ] [ ROUTE ] array (
  'type' => 'module',
  'module' => 
  array (
    0 => NULL,
    1 => '',
    2 => NULL,
  ),
)
[ info ] [ HEADER ] array (
  'host' => 'local.company.com',
  'user-agent' => 'Mozilla/5.0 (Windows NT 6.1; WOW64; rv:52.0) Gecko/20100101 Firefox/52.0',
  'accept' => 'text/html,application/xhtml+xml,application/xml;q=0.9,*/*;q=0.8',
  'accept-language' => 'zh-CN,zh;q=0.8,en-US;q=0.5,en;q=0.3',
  'accept-encoding' => 'gzip, deflate',
  'cookie' => 'pgv_pvi=2215779328',
  'connection' => 'keep-alive',
  'upgrade-insecure-requests' => '1',
  'cache-control' => 'max-age=0',
)
[ info ] [ PARAM ] array (
)
[ info ] [ RUN ] app\controller\Index->index[ E:\xampp\htdocs\local.company.com\application\controller\Index.php ]
[ info ] [ VIEW ] ../template/default/index.html [ array (
) ]
[ info ] [ LOG ] INIT File

---------------------------------------------------------------
[ 2017-04-07T15:39:22+08:00 ] 127.0.0.1 127.0.0.1 GET /public/
[ log ] local.company.com/public/ [运行时间：0.026001s][吞吐率：38.46req/s] [内存消耗：1,803.68kb] [文件加载：47]
[ info ] [ LANG ] E:\xampp\htdocs\local.company.com\thinkphp\lang\zh-cn.php
[ info ] [ ROUTE ] array (
  'type' => 'module',
  'module' => 
  array (
    0 => NULL,
    1 => '',
    2 => NULL,
  ),
)
[ info ] [ HEADER ] array (
  'host' => 'local.company.com',
  'user-agent' => 'Mozilla/5.0 (Windows NT 6.1; WOW64; rv:52.0) Gecko/20100101 Firefox/52.0',
  'accept' => 'text/html,application/xhtml+xml,application/xml;q=0.9,*/*;q=0.8',
  'accept-language' => 'zh-CN,zh;q=0.8,en-US;q=0.5,en;q=0.3',
  'accept-encoding' => 'gzip, deflate',
  'cookie' => 'pgv_pvi=2215779328',
  'connection' => 'keep-alive',
  'upgrade-insecure-requests' => '1',
  'cache-control' => 'max-age=0',
)
[ info ] [ PARAM ] array (
)
[ info ] [ RUN ] app\controller\Index->index[ E:\xampp\htdocs\local.company.com\application\controller\Index.php ]
[ info ] [ VIEW ] ../template/default/index.html [ array (
) ]
[ info ] [ LOG ] INIT File

---------------------------------------------------------------
[ 2017-04-07T15:39:40+08:00 ] 127.0.0.1 127.0.0.1 GET /public/
[ log ] local.company.com/public/ [运行时间：0.023002s][吞吐率：43.47req/s] [内存消耗：1,803.55kb] [文件加载：47]
[ info ] [ LANG ] E:\xampp\htdocs\local.company.com\thinkphp\lang\zh-cn.php
[ info ] [ ROUTE ] array (
  'type' => 'module',
  'module' => 
  array (
    0 => NULL,
    1 => '',
    2 => NULL,
  ),
)
[ info ] [ HEADER ] array (
  'host' => 'local.company.com',
  'user-agent' => 'Mozilla/5.0 (Windows NT 6.1; WOW64; rv:52.0) Gecko/20100101 Firefox/52.0',
  'accept' => 'text/html,application/xhtml+xml,application/xml;q=0.9,*/*;q=0.8',
  'accept-language' => 'zh-CN,zh;q=0.8,en-US;q=0.5,en;q=0.3',
  'accept-encoding' => 'gzip, deflate',
  'cookie' => 'pgv_pvi=2215779328',
  'connection' => 'keep-alive',
  'upgrade-insecure-requests' => '1',
  'cache-control' => 'max-age=0',
)
[ info ] [ PARAM ] array (
)
[ info ] [ RUN ] app\controller\Index->index[ E:\xampp\htdocs\local.company.com\application\controller\Index.php ]
[ info ] [ VIEW ] ../template/default/index.html [ array (
) ]
[ info ] [ LOG ] INIT File

---------------------------------------------------------------
[ 2017-04-07T15:39:51+08:00 ] 127.0.0.1 127.0.0.1 GET /public/
[ log ] local.company.com/public/ [运行时间：0.024002s][吞吐率：41.66req/s] [内存消耗：1,803.55kb] [文件加载：47]
[ info ] [ LANG ] E:\xampp\htdocs\local.company.com\thinkphp\lang\zh-cn.php
[ info ] [ ROUTE ] array (
  'type' => 'module',
  'module' => 
  array (
    0 => NULL,
    1 => '',
    2 => NULL,
  ),
)
[ info ] [ HEADER ] array (
  'host' => 'local.company.com',
  'user-agent' => 'Mozilla/5.0 (Windows NT 6.1; WOW64; rv:52.0) Gecko/20100101 Firefox/52.0',
  'accept' => 'text/html,application/xhtml+xml,application/xml;q=0.9,*/*;q=0.8',
  'accept-language' => 'zh-CN,zh;q=0.8,en-US;q=0.5,en;q=0.3',
  'accept-encoding' => 'gzip, deflate',
  'cookie' => 'pgv_pvi=2215779328',
  'connection' => 'keep-alive',
  'upgrade-insecure-requests' => '1',
  'cache-control' => 'max-age=0',
)
[ info ] [ PARAM ] array (
)
[ info ] [ RUN ] app\controller\Index->index[ E:\xampp\htdocs\local.company.com\application\controller\Index.php ]
[ info ] [ VIEW ] ../template/default/index.html [ array (
) ]
[ info ] [ LOG ] INIT File

---------------------------------------------------------------
[ 2017-04-07T15:40:22+08:00 ] 127.0.0.1 127.0.0.1 GET /public/
[ log ] local.company.com/public/ [运行时间：0.023001s][吞吐率：43.48req/s] [内存消耗：1,803.55kb] [文件加载：47]
[ info ] [ LANG ] E:\xampp\htdocs\local.company.com\thinkphp\lang\zh-cn.php
[ info ] [ ROUTE ] array (
  'type' => 'module',
  'module' => 
  array (
    0 => NULL,
    1 => '',
    2 => NULL,
  ),
)
[ info ] [ HEADER ] array (
  'host' => 'local.company.com',
  'user-agent' => 'Mozilla/5.0 (Windows NT 6.1; WOW64; rv:52.0) Gecko/20100101 Firefox/52.0',
  'accept' => 'text/html,application/xhtml+xml,application/xml;q=0.9,*/*;q=0.8',
  'accept-language' => 'zh-CN,zh;q=0.8,en-US;q=0.5,en;q=0.3',
  'accept-encoding' => 'gzip, deflate',
  'cookie' => 'pgv_pvi=2215779328',
  'connection' => 'keep-alive',
  'upgrade-insecure-requests' => '1',
  'cache-control' => 'max-age=0',
)
[ info ] [ PARAM ] array (
)
[ info ] [ RUN ] app\controller\Index->index[ E:\xampp\htdocs\local.company.com\application\controller\Index.php ]
[ info ] [ VIEW ] ../template/default/index.html [ array (
) ]
[ info ] [ LOG ] INIT File

---------------------------------------------------------------
[ 2017-04-07T15:41:17+08:00 ] 127.0.0.1 127.0.0.1 GET /public/
[ log ] local.company.com/public/ [运行时间：0.025001s][吞吐率：40.00req/s] [内存消耗：1,642.02kb] [文件加载：45]
[ info ] [ LANG ] E:\xampp\htdocs\local.company.com\thinkphp\lang\zh-cn.php
[ info ] [ ROUTE ] array (
  'type' => 'module',
  'module' => 
  array (
    0 => NULL,
    1 => '',
    2 => NULL,
  ),
)
[ info ] [ HEADER ] array (
  'host' => 'local.company.com',
  'user-agent' => 'Mozilla/5.0 (Windows NT 6.1; WOW64; rv:52.0) Gecko/20100101 Firefox/52.0',
  'accept' => 'text/html,application/xhtml+xml,application/xml;q=0.9,*/*;q=0.8',
  'accept-language' => 'zh-CN,zh;q=0.8,en-US;q=0.5,en;q=0.3',
  'accept-encoding' => 'gzip, deflate',
  'cookie' => 'pgv_pvi=2215779328',
  'connection' => 'keep-alive',
  'upgrade-insecure-requests' => '1',
  'cache-control' => 'max-age=0',
)
[ info ] [ PARAM ] array (
)
[ info ] [ RUN ] app\controller\Index->index[ E:\xampp\htdocs\local.company.com\application\controller\Index.php ]
[ info ] [ VIEW ] ../template/default/index.html [ array (
) ]
[ info ] [ LOG ] INIT File

---------------------------------------------------------------
