[ 2017-04-11T15:31:12+08:00 ] 127.0.0.1 127.0.0.1 GET /public/
[ log ] local.company.com/public/ [运行时间：0.042002s][吞吐率：23.81req/s] [内存消耗：1,643.79kb] [文件加载：47]
[ info ] [ LANG ] E:\xampp\htdocs\local.company.com\thinkphp\lang\zh-cn.php
[ info ] [ ROUTE ] array (
  'type' => 'module',
  'module' => 
  array (
    0 => NULL,
    1 => '',
    2 => NULL,
  ),
)
[ info ] [ HEADER ] array (
  'host' => 'local.company.com',
  'user-agent' => 'Mozilla/5.0 (Windows NT 6.1; WOW64; rv:52.0) Gecko/20100101 Firefox/52.0',
  'accept' => 'text/html,application/xhtml+xml,application/xml;q=0.9,*/*;q=0.8',
  'accept-language' => 'zh-CN,zh;q=0.8,en-US;q=0.5,en;q=0.3',
  'accept-encoding' => 'gzip, deflate',
  'cookie' => 'pgv_pvi=2215779328',
  'connection' => 'keep-alive',
  'upgrade-insecure-requests' => '1',
)
[ info ] [ PARAM ] array (
)
[ info ] [ RUN ] app\controller\Index->index[ E:\xampp\htdocs\local.company.com\application\controller\Index.php ]
[ info ] [ VIEW ] ../template/default/index.html [ array (
) ]
[ info ] [ LOG ] INIT File

---------------------------------------------------------------
[ 2017-04-11T15:32:38+08:00 ] 127.0.0.1 127.0.0.1 GET /public/
[ log ] local.company.com/public/ [运行时间：0.024002s][吞吐率：41.66req/s] [内存消耗：1,805.80kb] [文件加载：49]
[ info ] [ LANG ] E:\xampp\htdocs\local.company.com\thinkphp\lang\zh-cn.php
[ info ] [ ROUTE ] array (
  'type' => 'module',
  'module' => 
  array (
    0 => NULL,
    1 => '',
    2 => NULL,
  ),
)
[ info ] [ HEADER ] array (
  'host' => 'local.company.com',
  'user-agent' => 'Mozilla/5.0 (Windows NT 6.1; WOW64; rv:52.0) Gecko/20100101 Firefox/52.0',
  'accept' => 'text/html,application/xhtml+xml,application/xml;q=0.9,*/*;q=0.8',
  'accept-language' => 'zh-CN,zh;q=0.8,en-US;q=0.5,en;q=0.3',
  'accept-encoding' => 'gzip, deflate',
  'cookie' => 'pgv_pvi=2215779328',
  'connection' => 'keep-alive',
  'upgrade-insecure-requests' => '1',
  'cache-control' => 'max-age=0',
)
[ info ] [ PARAM ] array (
)
[ info ] [ RUN ] app\controller\Index->index[ E:\xampp\htdocs\local.company.com\application\controller\Index.php ]
[ info ] [ VIEW ] ../template/default/index.html [ array (
) ]
[ info ] [ LOG ] INIT File

---------------------------------------------------------------
[ 2017-04-11T15:33:45+08:00 ] 127.0.0.1 127.0.0.1 GET /public/
[ log ] local.company.com/public/ [运行时间：0.025001s][吞吐率：40.00req/s] [内存消耗：1,805.80kb] [文件加载：49]
[ info ] [ LANG ] E:\xampp\htdocs\local.company.com\thinkphp\lang\zh-cn.php
[ info ] [ ROUTE ] array (
  'type' => 'module',
  'module' => 
  array (
    0 => NULL,
    1 => '',
    2 => NULL,
  ),
)
[ info ] [ HEADER ] array (
  'host' => 'local.company.com',
  'user-agent' => 'Mozilla/5.0 (Windows NT 6.1; WOW64; rv:52.0) Gecko/20100101 Firefox/52.0',
  'accept' => 'text/html,application/xhtml+xml,application/xml;q=0.9,*/*;q=0.8',
  'accept-language' => 'zh-CN,zh;q=0.8,en-US;q=0.5,en;q=0.3',
  'accept-encoding' => 'gzip, deflate',
  'cookie' => 'pgv_pvi=2215779328',
  'connection' => 'keep-alive',
  'upgrade-insecure-requests' => '1',
  'cache-control' => 'max-age=0',
)
[ info ] [ PARAM ] array (
)
[ info ] [ RUN ] app\controller\Index->index[ E:\xampp\htdocs\local.company.com\application\controller\Index.php ]
[ info ] [ VIEW ] ../template/default/index.html [ array (
) ]
[ info ] [ LOG ] INIT File

---------------------------------------------------------------
[ 2017-04-11T15:36:14+08:00 ] 127.0.0.1 127.0.0.1 GET /public/
[ log ] local.company.com/public/ [运行时间：0.027002s][吞吐率：37.03req/s] [内存消耗：1,805.82kb] [文件加载：49]
[ info ] [ LANG ] E:\xampp\htdocs\local.company.com\thinkphp\lang\zh-cn.php
[ info ] [ ROUTE ] array (
  'type' => 'module',
  'module' => 
  array (
    0 => NULL,
    1 => '',
    2 => NULL,
  ),
)
[ info ] [ HEADER ] array (
  'host' => 'local.company.com',
  'user-agent' => 'Mozilla/5.0 (Windows NT 6.1; WOW64; rv:52.0) Gecko/20100101 Firefox/52.0',
  'accept' => 'text/html,application/xhtml+xml,application/xml;q=0.9,*/*;q=0.8',
  'accept-language' => 'zh-CN,zh;q=0.8,en-US;q=0.5,en;q=0.3',
  'accept-encoding' => 'gzip, deflate',
  'cookie' => 'pgv_pvi=2215779328',
  'connection' => 'keep-alive',
  'upgrade-insecure-requests' => '1',
  'cache-control' => 'max-age=0',
)
[ info ] [ PARAM ] array (
)
[ info ] [ RUN ] app\controller\Index->index[ E:\xampp\htdocs\local.company.com\application\controller\Index.php ]
[ info ] [ VIEW ] ../template/default/index.html [ array (
) ]
[ info ] [ LOG ] INIT File

---------------------------------------------------------------
[ 2017-04-11T15:37:07+08:00 ] 127.0.0.1 127.0.0.1 GET /public/
[ log ] local.company.com/public/ [运行时间：0.024001s][吞吐率：41.67req/s] [内存消耗：1,806.53kb] [文件加载：49]
[ info ] [ LANG ] E:\xampp\htdocs\local.company.com\thinkphp\lang\zh-cn.php
[ info ] [ ROUTE ] array (
  'type' => 'module',
  'module' => 
  array (
    0 => NULL,
    1 => '',
    2 => NULL,
  ),
)
[ info ] [ HEADER ] array (
  'host' => 'local.company.com',
  'user-agent' => 'Mozilla/5.0 (Windows NT 6.1; WOW64; rv:52.0) Gecko/20100101 Firefox/52.0',
  'accept' => 'text/html,application/xhtml+xml,application/xml;q=0.9,*/*;q=0.8',
  'accept-language' => 'zh-CN,zh;q=0.8,en-US;q=0.5,en;q=0.3',
  'accept-encoding' => 'gzip, deflate',
  'cookie' => 'pgv_pvi=2215779328',
  'connection' => 'keep-alive',
  'upgrade-insecure-requests' => '1',
  'cache-control' => 'max-age=0',
)
[ info ] [ PARAM ] array (
)
[ info ] [ RUN ] app\controller\Index->index[ E:\xampp\htdocs\local.company.com\application\controller\Index.php ]
[ info ] [ VIEW ] ../template/default/index.html [ array (
) ]
[ info ] [ LOG ] INIT File

---------------------------------------------------------------
[ 2017-04-11T15:37:50+08:00 ] 127.0.0.1 127.0.0.1 GET /public/
[ log ] local.company.com/public/ [运行时间：0.026002s][吞吐率：38.46req/s] [内存消耗：1,806.53kb] [文件加载：49]
[ info ] [ LANG ] E:\xampp\htdocs\local.company.com\thinkphp\lang\zh-cn.php
[ info ] [ ROUTE ] array (
  'type' => 'module',
  'module' => 
  array (
    0 => NULL,
    1 => '',
    2 => NULL,
  ),
)
[ info ] [ HEADER ] array (
  'host' => 'local.company.com',
  'user-agent' => 'Mozilla/5.0 (Windows NT 6.1; WOW64; rv:52.0) Gecko/20100101 Firefox/52.0',
  'accept' => 'text/html,application/xhtml+xml,application/xml;q=0.9,*/*;q=0.8',
  'accept-language' => 'zh-CN,zh;q=0.8,en-US;q=0.5,en;q=0.3',
  'accept-encoding' => 'gzip, deflate',
  'cookie' => 'pgv_pvi=2215779328',
  'connection' => 'keep-alive',
  'upgrade-insecure-requests' => '1',
  'cache-control' => 'max-age=0',
)
[ info ] [ PARAM ] array (
)
[ info ] [ RUN ] app\controller\Index->index[ E:\xampp\htdocs\local.company.com\application\controller\Index.php ]
[ info ] [ VIEW ] ../template/default/index.html [ array (
) ]
[ info ] [ LOG ] INIT File

---------------------------------------------------------------
[ 2017-04-11T15:38:02+08:00 ] 127.0.0.1 127.0.0.1 GET /public/
[ log ] local.company.com/public/ [运行时间：0.024002s][吞吐率：41.66req/s] [内存消耗：1,806.47kb] [文件加载：49]
[ info ] [ LANG ] E:\xampp\htdocs\local.company.com\thinkphp\lang\zh-cn.php
[ info ] [ ROUTE ] array (
  'type' => 'module',
  'module' => 
  array (
    0 => NULL,
    1 => '',
    2 => NULL,
  ),
)
[ info ] [ HEADER ] array (
  'host' => 'local.company.com',
  'user-agent' => 'Mozilla/5.0 (Windows NT 6.1; WOW64; rv:52.0) Gecko/20100101 Firefox/52.0',
  'accept' => 'text/html,application/xhtml+xml,application/xml;q=0.9,*/*;q=0.8',
  'accept-language' => 'zh-CN,zh;q=0.8,en-US;q=0.5,en;q=0.3',
  'accept-encoding' => 'gzip, deflate',
  'cookie' => 'pgv_pvi=2215779328',
  'connection' => 'keep-alive',
  'upgrade-insecure-requests' => '1',
  'cache-control' => 'max-age=0',
)
[ info ] [ PARAM ] array (
)
[ info ] [ RUN ] app\controller\Index->index[ E:\xampp\htdocs\local.company.com\application\controller\Index.php ]
[ info ] [ VIEW ] ../template/default/index.html [ array (
) ]
[ info ] [ LOG ] INIT File

---------------------------------------------------------------
[ 2017-04-11T15:38:51+08:00 ] 127.0.0.1 127.0.0.1 GET /public/
[ log ] local.company.com/public/ [运行时间：0.029002s][吞吐率：34.48req/s] [内存消耗：1,806.52kb] [文件加载：49]
[ info ] [ LANG ] E:\xampp\htdocs\local.company.com\thinkphp\lang\zh-cn.php
[ info ] [ ROUTE ] array (
  'type' => 'module',
  'module' => 
  array (
    0 => NULL,
    1 => '',
    2 => NULL,
  ),
)
[ info ] [ HEADER ] array (
  'host' => 'local.company.com',
  'user-agent' => 'Mozilla/5.0 (Windows NT 6.1; WOW64; rv:52.0) Gecko/20100101 Firefox/52.0',
  'accept' => 'text/html,application/xhtml+xml,application/xml;q=0.9,*/*;q=0.8',
  'accept-language' => 'zh-CN,zh;q=0.8,en-US;q=0.5,en;q=0.3',
  'accept-encoding' => 'gzip, deflate',
  'cookie' => 'pgv_pvi=2215779328',
  'connection' => 'keep-alive',
  'upgrade-insecure-requests' => '1',
  'cache-control' => 'max-age=0',
)
[ info ] [ PARAM ] array (
)
[ info ] [ RUN ] app\controller\Index->index[ E:\xampp\htdocs\local.company.com\application\controller\Index.php ]
[ info ] [ VIEW ] ../template/default/index.html [ array (
) ]
[ info ] [ LOG ] INIT File

---------------------------------------------------------------
[ 2017-04-11T15:39:10+08:00 ] 127.0.0.1 127.0.0.1 GET /public/
[ log ] local.company.com/public/ [运行时间：0.027002s][吞吐率：37.03req/s] [内存消耗：1,806.55kb] [文件加载：49]
[ info ] [ LANG ] E:\xampp\htdocs\local.company.com\thinkphp\lang\zh-cn.php
[ info ] [ ROUTE ] array (
  'type' => 'module',
  'module' => 
  array (
    0 => NULL,
    1 => '',
    2 => NULL,
  ),
)
[ info ] [ HEADER ] array (
  'host' => 'local.company.com',
  'user-agent' => 'Mozilla/5.0 (Windows NT 6.1; WOW64; rv:52.0) Gecko/20100101 Firefox/52.0',
  'accept' => 'text/html,application/xhtml+xml,application/xml;q=0.9,*/*;q=0.8',
  'accept-language' => 'zh-CN,zh;q=0.8,en-US;q=0.5,en;q=0.3',
  'accept-encoding' => 'gzip, deflate',
  'cookie' => 'pgv_pvi=2215779328',
  'connection' => 'keep-alive',
  'upgrade-insecure-requests' => '1',
  'cache-control' => 'max-age=0',
)
[ info ] [ PARAM ] array (
)
[ info ] [ RUN ] app\controller\Index->index[ E:\xampp\htdocs\local.company.com\application\controller\Index.php ]
[ info ] [ VIEW ] ../template/default/index.html [ array (
) ]
[ info ] [ LOG ] INIT File

---------------------------------------------------------------
[ 2017-04-11T15:39:22+08:00 ] 127.0.0.1 127.0.0.1 GET /public/
[ log ] local.company.com/public/ [运行时间：0.024002s][吞吐率：41.66req/s] [内存消耗：1,806.55kb] [文件加载：49]
[ info ] [ LANG ] E:\xampp\htdocs\local.company.com\thinkphp\lang\zh-cn.php
[ info ] [ ROUTE ] array (
  'type' => 'module',
  'module' => 
  array (
    0 => NULL,
    1 => '',
    2 => NULL,
  ),
)
[ info ] [ HEADER ] array (
  'host' => 'local.company.com',
  'user-agent' => 'Mozilla/5.0 (Windows NT 6.1; WOW64; rv:52.0) Gecko/20100101 Firefox/52.0',
  'accept' => 'text/html,application/xhtml+xml,application/xml;q=0.9,*/*;q=0.8',
  'accept-language' => 'zh-CN,zh;q=0.8,en-US;q=0.5,en;q=0.3',
  'accept-encoding' => 'gzip, deflate',
  'cookie' => 'pgv_pvi=2215779328',
  'connection' => 'keep-alive',
  'upgrade-insecure-requests' => '1',
  'cache-control' => 'max-age=0',
)
[ info ] [ PARAM ] array (
)
[ info ] [ RUN ] app\controller\Index->index[ E:\xampp\htdocs\local.company.com\application\controller\Index.php ]
[ info ] [ VIEW ] ../template/default/index.html [ array (
) ]
[ info ] [ LOG ] INIT File

---------------------------------------------------------------
[ 2017-04-11T15:39:30+08:00 ] 127.0.0.1 127.0.0.1 GET /public/
[ log ] local.company.com/public/ [运行时间：0.023001s][吞吐率：43.48req/s] [内存消耗：1,806.55kb] [文件加载：49]
[ info ] [ LANG ] E:\xampp\htdocs\local.company.com\thinkphp\lang\zh-cn.php
[ info ] [ ROUTE ] array (
  'type' => 'module',
  'module' => 
  array (
    0 => NULL,
    1 => '',
    2 => NULL,
  ),
)
[ info ] [ HEADER ] array (
  'host' => 'local.company.com',
  'user-agent' => 'Mozilla/5.0 (Windows NT 6.1; WOW64; rv:52.0) Gecko/20100101 Firefox/52.0',
  'accept' => 'text/html,application/xhtml+xml,application/xml;q=0.9,*/*;q=0.8',
  'accept-language' => 'zh-CN,zh;q=0.8,en-US;q=0.5,en;q=0.3',
  'accept-encoding' => 'gzip, deflate',
  'cookie' => 'pgv_pvi=2215779328',
  'connection' => 'keep-alive',
  'upgrade-insecure-requests' => '1',
  'cache-control' => 'max-age=0',
)
[ info ] [ PARAM ] array (
)
[ info ] [ RUN ] app\controller\Index->index[ E:\xampp\htdocs\local.company.com\application\controller\Index.php ]
[ info ] [ VIEW ] ../template/default/index.html [ array (
) ]
[ info ] [ LOG ] INIT File

---------------------------------------------------------------
[ 2017-04-11T15:40:29+08:00 ] 127.0.0.1 127.0.0.1 GET /public/
[ log ] local.company.com/public/ [运行时间：0.026001s][吞吐率：38.46req/s] [内存消耗：1,806.47kb] [文件加载：49]
[ info ] [ LANG ] E:\xampp\htdocs\local.company.com\thinkphp\lang\zh-cn.php
[ info ] [ ROUTE ] array (
  'type' => 'module',
  'module' => 
  array (
    0 => NULL,
    1 => '',
    2 => NULL,
  ),
)
[ info ] [ HEADER ] array (
  'host' => 'local.company.com',
  'user-agent' => 'Mozilla/5.0 (Windows NT 6.1; WOW64; rv:52.0) Gecko/20100101 Firefox/52.0',
  'accept' => 'text/html,application/xhtml+xml,application/xml;q=0.9,*/*;q=0.8',
  'accept-language' => 'zh-CN,zh;q=0.8,en-US;q=0.5,en;q=0.3',
  'accept-encoding' => 'gzip, deflate',
  'cookie' => 'pgv_pvi=2215779328',
  'connection' => 'keep-alive',
  'upgrade-insecure-requests' => '1',
  'cache-control' => 'max-age=0',
)
[ info ] [ PARAM ] array (
)
[ info ] [ RUN ] app\controller\Index->index[ E:\xampp\htdocs\local.company.com\application\controller\Index.php ]
[ info ] [ VIEW ] ../template/default/index.html [ array (
) ]
[ info ] [ LOG ] INIT File

---------------------------------------------------------------
[ 2017-04-11T15:40:56+08:00 ] 127.0.0.1 127.0.0.1 GET /public/
[ log ] local.company.com/public/ [运行时间：0.024002s][吞吐率：41.66req/s] [内存消耗：1,643.80kb] [文件加载：47]
[ info ] [ LANG ] E:\xampp\htdocs\local.company.com\thinkphp\lang\zh-cn.php
[ info ] [ ROUTE ] array (
  'type' => 'module',
  'module' => 
  array (
    0 => NULL,
    1 => '',
    2 => NULL,
  ),
)
[ info ] [ HEADER ] array (
  'host' => 'local.company.com',
  'user-agent' => 'Mozilla/5.0 (Windows NT 6.1; WOW64; rv:52.0) Gecko/20100101 Firefox/52.0',
  'accept' => 'text/html,application/xhtml+xml,application/xml;q=0.9,*/*;q=0.8',
  'accept-language' => 'zh-CN,zh;q=0.8,en-US;q=0.5,en;q=0.3',
  'accept-encoding' => 'gzip, deflate',
  'cookie' => 'pgv_pvi=2215779328',
  'connection' => 'keep-alive',
  'upgrade-insecure-requests' => '1',
  'cache-control' => 'max-age=0',
)
[ info ] [ PARAM ] array (
)
[ info ] [ RUN ] app\controller\Index->index[ E:\xampp\htdocs\local.company.com\application\controller\Index.php ]
[ info ] [ VIEW ] ../template/default/index.html [ array (
) ]
[ info ] [ LOG ] INIT File

---------------------------------------------------------------
[ 2017-04-11T15:43:01+08:00 ] 127.0.0.1 127.0.0.1 GET /public/
[ log ] local.company.com/public/ [运行时间：0.024001s][吞吐率：41.67req/s] [内存消耗：1,643.71kb] [文件加载：47]
[ info ] [ LANG ] E:\xampp\htdocs\local.company.com\thinkphp\lang\zh-cn.php
[ info ] [ ROUTE ] array (
  'type' => 'module',
  'module' => 
  array (
    0 => NULL,
    1 => '',
    2 => NULL,
  ),
)
[ info ] [ HEADER ] array (
  'host' => 'local.company.com',
  'connection' => 'keep-alive',
  'upgrade-insecure-requests' => '1',
  'user-agent' => 'Mozilla/5.0 (Windows NT 6.1; WOW64) AppleWebKit/537.36 (KHTML, like Gecko) Chrome/56.0.2924.87 Safari/537.36',
  'accept' => 'text/html,application/xhtml+xml,application/xml;q=0.9,image/webp,*/*;q=0.8',
  'accept-encoding' => 'gzip, deflate, sdch',
  'accept-language' => 'zh-CN,zh;q=0.8',
  'cookie' => 'pgv_pvi=1427088384',
)
[ info ] [ PARAM ] array (
)
[ info ] [ RUN ] app\controller\Index->index[ E:\xampp\htdocs\local.company.com\application\controller\Index.php ]
[ info ] [ VIEW ] ../template/default/index.html [ array (
) ]
[ info ] [ LOG ] INIT File

---------------------------------------------------------------
[ 2017-04-11T15:43:08+08:00 ] 127.0.0.1 127.0.0.1 GET /public/
[ log ] local.company.com/public/ [运行时间：0.027001s][吞吐率：37.04req/s] [内存消耗：1,643.76kb] [文件加载：47]
[ info ] [ LANG ] E:\xampp\htdocs\local.company.com\thinkphp\lang\zh-cn.php
[ info ] [ ROUTE ] array (
  'type' => 'module',
  'module' => 
  array (
    0 => NULL,
    1 => '',
    2 => NULL,
  ),
)
[ info ] [ HEADER ] array (
  'host' => 'local.company.com',
  'connection' => 'keep-alive',
  'cache-control' => 'max-age=0',
  'upgrade-insecure-requests' => '1',
  'user-agent' => 'Mozilla/5.0 (Windows NT 6.1; WOW64) AppleWebKit/537.36 (KHTML, like Gecko) Chrome/56.0.2924.87 Safari/537.36',
  'accept' => 'text/html,application/xhtml+xml,application/xml;q=0.9,image/webp,*/*;q=0.8',
  'accept-encoding' => 'gzip, deflate, sdch',
  'accept-language' => 'zh-CN,zh;q=0.8',
  'cookie' => 'pgv_pvi=1427088384',
)
[ info ] [ PARAM ] array (
)
[ info ] [ RUN ] app\controller\Index->index[ E:\xampp\htdocs\local.company.com\application\controller\Index.php ]
[ info ] [ VIEW ] ../template/default/index.html [ array (
) ]
[ info ] [ LOG ] INIT File

---------------------------------------------------------------
[ 2017-04-11T15:43:11+08:00 ] 127.0.0.1 127.0.0.1 GET /public/
[ log ] local.company.com/public/ [运行时间：0.025002s][吞吐率：40.00req/s] [内存消耗：1,643.76kb] [文件加载：47]
[ info ] [ LANG ] E:\xampp\htdocs\local.company.com\thinkphp\lang\zh-cn.php
[ info ] [ ROUTE ] array (
  'type' => 'module',
  'module' => 
  array (
    0 => NULL,
    1 => '',
    2 => NULL,
  ),
)
[ info ] [ HEADER ] array (
  'host' => 'local.company.com',
  'connection' => 'keep-alive',
  'cache-control' => 'max-age=0',
  'upgrade-insecure-requests' => '1',
  'user-agent' => 'Mozilla/5.0 (Windows NT 6.1; WOW64) AppleWebKit/537.36 (KHTML, like Gecko) Chrome/56.0.2924.87 Safari/537.36',
  'accept' => 'text/html,application/xhtml+xml,application/xml;q=0.9,image/webp,*/*;q=0.8',
  'accept-encoding' => 'gzip, deflate, sdch',
  'accept-language' => 'zh-CN,zh;q=0.8',
  'cookie' => 'pgv_pvi=1427088384',
)
[ info ] [ PARAM ] array (
)
[ info ] [ RUN ] app\controller\Index->index[ E:\xampp\htdocs\local.company.com\application\controller\Index.php ]
[ info ] [ VIEW ] ../template/default/index.html [ array (
) ]
[ info ] [ LOG ] INIT File

---------------------------------------------------------------
[ 2017-04-11T15:49:54+08:00 ] 127.0.0.1 127.0.0.1 GET /public/
[ log ] local.company.com/public/ [运行时间：0.023001s][吞吐率：43.48req/s] [内存消耗：1,643.80kb] [文件加载：47]
[ info ] [ LANG ] E:\xampp\htdocs\local.company.com\thinkphp\lang\zh-cn.php
[ info ] [ ROUTE ] array (
  'type' => 'module',
  'module' => 
  array (
    0 => NULL,
    1 => '',
    2 => NULL,
  ),
)
[ info ] [ HEADER ] array (
  'host' => 'local.company.com',
  'user-agent' => 'Mozilla/5.0 (Windows NT 6.1; WOW64; rv:52.0) Gecko/20100101 Firefox/52.0',
  'accept' => 'text/html,application/xhtml+xml,application/xml;q=0.9,*/*;q=0.8',
  'accept-language' => 'zh-CN,zh;q=0.8,en-US;q=0.5,en;q=0.3',
  'accept-encoding' => 'gzip, deflate',
  'cookie' => 'pgv_pvi=2215779328',
  'connection' => 'keep-alive',
  'upgrade-insecure-requests' => '1',
  'cache-control' => 'max-age=0',
)
[ info ] [ PARAM ] array (
)
[ info ] [ RUN ] app\controller\Index->index[ E:\xampp\htdocs\local.company.com\application\controller\Index.php ]
[ info ] [ VIEW ] ../template/default/index.html [ array (
) ]
[ info ] [ LOG ] INIT File

---------------------------------------------------------------
[ 2017-04-11T15:50:28+08:00 ] 127.0.0.1 127.0.0.1 GET /public/
[ log ] local.company.com/public/ [运行时间：0.026001s][吞吐率：38.46req/s] [内存消耗：1,806.58kb] [文件加载：49]
[ info ] [ LANG ] E:\xampp\htdocs\local.company.com\thinkphp\lang\zh-cn.php
[ info ] [ ROUTE ] array (
  'type' => 'module',
  'module' => 
  array (
    0 => NULL,
    1 => '',
    2 => NULL,
  ),
)
[ info ] [ HEADER ] array (
  'host' => 'local.company.com',
  'user-agent' => 'Mozilla/5.0 (Windows NT 6.1; WOW64; rv:52.0) Gecko/20100101 Firefox/52.0',
  'accept' => 'text/html,application/xhtml+xml,application/xml;q=0.9,*/*;q=0.8',
  'accept-language' => 'zh-CN,zh;q=0.8,en-US;q=0.5,en;q=0.3',
  'accept-encoding' => 'gzip, deflate',
  'cookie' => 'pgv_pvi=2215779328',
  'connection' => 'keep-alive',
  'upgrade-insecure-requests' => '1',
  'cache-control' => 'max-age=0',
)
[ info ] [ PARAM ] array (
)
[ info ] [ RUN ] app\controller\Index->index[ E:\xampp\htdocs\local.company.com\application\controller\Index.php ]
[ info ] [ VIEW ] ../template/default/index.html [ array (
) ]
[ info ] [ LOG ] INIT File

---------------------------------------------------------------
[ 2017-04-11T15:50:52+08:00 ] 127.0.0.1 127.0.0.1 GET /public/index/peixun
[ log ] local.company.com/public/index/peixun [运行时间：0.021002s][吞吐率：47.61req/s] [内存消耗：1,644.04kb] [文件加载：47]
[ info ] [ LANG ] E:\xampp\htdocs\local.company.com\thinkphp\lang\zh-cn.php
[ info ] [ ROUTE ] array (
  'type' => 'module',
  'module' => 
  array (
    0 => NULL,
    1 => 'index',
    2 => 'peixun',
  ),
)
[ info ] [ HEADER ] array (
  'host' => 'local.company.com',
  'user-agent' => 'Mozilla/5.0 (Windows NT 6.1; WOW64; rv:52.0) Gecko/20100101 Firefox/52.0',
  'accept' => 'text/html,application/xhtml+xml,application/xml;q=0.9,*/*;q=0.8',
  'accept-language' => 'zh-CN,zh;q=0.8,en-US;q=0.5,en;q=0.3',
  'accept-encoding' => 'gzip, deflate',
  'referer' => 'http://local.company.com/public/',
  'cookie' => 'pgv_pvi=2215779328',
  'connection' => 'keep-alive',
  'upgrade-insecure-requests' => '1',
)
[ info ] [ PARAM ] array (
)
[ info ] [ RUN ] app\controller\Index->peixun[ E:\xampp\htdocs\local.company.com\application\controller\Index.php ]
[ info ] [ VIEW ] ../template/default/peixun.html [ array (
) ]
[ info ] [ LOG ] INIT File

---------------------------------------------------------------
[ 2017-04-11T16:06:52+08:00 ] 127.0.0.1 127.0.0.1 GET /public/index/peixun
[ log ] local.company.com/public/index/peixun [运行时间：0.026002s][吞吐率：38.46req/s] [内存消耗：1,793.59kb] [文件加载：49]
[ info ] [ LANG ] E:\xampp\htdocs\local.company.com\thinkphp\lang\zh-cn.php
[ info ] [ ROUTE ] array (
  'type' => 'module',
  'module' => 
  array (
    0 => NULL,
    1 => 'index',
    2 => 'peixun',
  ),
)
[ info ] [ HEADER ] array (
  'host' => 'local.company.com',
  'user-agent' => 'Mozilla/5.0 (Windows NT 6.1; WOW64; rv:52.0) Gecko/20100101 Firefox/52.0',
  'accept' => 'text/html,application/xhtml+xml,application/xml;q=0.9,*/*;q=0.8',
  'accept-language' => 'zh-CN,zh;q=0.8,en-US;q=0.5,en;q=0.3',
  'accept-encoding' => 'gzip, deflate',
  'referer' => 'http://local.company.com/public/',
  'cookie' => 'pgv_pvi=2215779328',
  'connection' => 'keep-alive',
  'upgrade-insecure-requests' => '1',
  'cache-control' => 'max-age=0',
)
[ info ] [ PARAM ] array (
)
[ info ] [ RUN ] app\controller\Index->peixun[ E:\xampp\htdocs\local.company.com\application\controller\Index.php ]
[ info ] [ VIEW ] ../template/default/peixun.html [ array (
) ]
[ info ] [ LOG ] INIT File

---------------------------------------------------------------
[ 2017-04-11T16:07:07+08:00 ] 127.0.0.1 127.0.0.1 GET /public/index/peixun
[ log ] local.company.com/public/index/peixun [运行时间：0.028001s][吞吐率：35.71req/s] [内存消耗：1,793.63kb] [文件加载：49]
[ info ] [ LANG ] E:\xampp\htdocs\local.company.com\thinkphp\lang\zh-cn.php
[ info ] [ ROUTE ] array (
  'type' => 'module',
  'module' => 
  array (
    0 => NULL,
    1 => 'index',
    2 => 'peixun',
  ),
)
[ info ] [ HEADER ] array (
  'host' => 'local.company.com',
  'user-agent' => 'Mozilla/5.0 (Windows NT 6.1; WOW64; rv:52.0) Gecko/20100101 Firefox/52.0',
  'accept' => 'text/html,application/xhtml+xml,application/xml;q=0.9,*/*;q=0.8',
  'accept-language' => 'zh-CN,zh;q=0.8,en-US;q=0.5,en;q=0.3',
  'accept-encoding' => 'gzip, deflate',
  'referer' => 'http://local.company.com/public/',
  'cookie' => 'pgv_pvi=2215779328',
  'connection' => 'keep-alive',
  'upgrade-insecure-requests' => '1',
  'cache-control' => 'max-age=0',
)
[ info ] [ PARAM ] array (
)
[ info ] [ RUN ] app\controller\Index->peixun[ E:\xampp\htdocs\local.company.com\application\controller\Index.php ]
[ info ] [ VIEW ] ../template/default/peixun.html [ array (
) ]
[ info ] [ LOG ] INIT File

---------------------------------------------------------------
[ 2017-04-11T16:10:09+08:00 ] 127.0.0.1 127.0.0.1 GET /public/index/peixun
[ log ] local.company.com/public/index/peixun [运行时间：0.023002s][吞吐率：43.47req/s] [内存消耗：1,644.27kb] [文件加载：47]
[ info ] [ LANG ] E:\xampp\htdocs\local.company.com\thinkphp\lang\zh-cn.php
[ info ] [ ROUTE ] array (
  'type' => 'module',
  'module' => 
  array (
    0 => NULL,
    1 => 'index',
    2 => 'peixun',
  ),
)
[ info ] [ HEADER ] array (
  'host' => 'local.company.com',
  'user-agent' => 'Mozilla/5.0 (Windows NT 6.1; WOW64; rv:52.0) Gecko/20100101 Firefox/52.0',
  'accept' => 'text/html,application/xhtml+xml,application/xml;q=0.9,*/*;q=0.8',
  'accept-language' => 'zh-CN,zh;q=0.8,en-US;q=0.5,en;q=0.3',
  'accept-encoding' => 'gzip, deflate',
  'referer' => 'http://local.company.com/public/',
  'cookie' => 'pgv_pvi=2215779328',
  'connection' => 'keep-alive',
  'upgrade-insecure-requests' => '1',
  'cache-control' => 'max-age=0',
)
[ info ] [ PARAM ] array (
)
[ info ] [ RUN ] app\controller\Index->peixun[ E:\xampp\htdocs\local.company.com\application\controller\Index.php ]
[ info ] [ VIEW ] ../template/default/peixun.html [ array (
) ]
[ info ] [ LOG ] INIT File

---------------------------------------------------------------
[ 2017-04-11T16:11:05+08:00 ] 127.0.0.1 127.0.0.1 GET /public/
[ log ] local.company.com/public/ [运行时间：0.024002s][吞吐率：41.66req/s] [内存消耗：1,643.79kb] [文件加载：47]
[ info ] [ LANG ] E:\xampp\htdocs\local.company.com\thinkphp\lang\zh-cn.php
[ info ] [ ROUTE ] array (
  'type' => 'module',
  'module' => 
  array (
    0 => NULL,
    1 => '',
    2 => NULL,
  ),
)
[ info ] [ HEADER ] array (
  'host' => 'local.company.com',
  'user-agent' => 'Mozilla/5.0 (Windows NT 6.1; WOW64; rv:52.0) Gecko/20100101 Firefox/52.0',
  'accept' => 'text/html,application/xhtml+xml,application/xml;q=0.9,*/*;q=0.8',
  'accept-language' => 'zh-CN,zh;q=0.8,en-US;q=0.5,en;q=0.3',
  'accept-encoding' => 'gzip, deflate',
  'referer' => 'http://local.company.com/public/index/peixun',
  'cookie' => 'pgv_pvi=2215779328',
  'connection' => 'keep-alive',
  'upgrade-insecure-requests' => '1',
)
[ info ] [ PARAM ] array (
)
[ info ] [ RUN ] app\controller\Index->index[ E:\xampp\htdocs\local.company.com\application\controller\Index.php ]
[ info ] [ VIEW ] ../template/default/index.html [ array (
) ]
[ info ] [ LOG ] INIT File

---------------------------------------------------------------
[ 2017-04-11T16:17:09+08:00 ] 127.0.0.1 127.0.0.1 GET /public/
[ log ] local.company.com/public/ [运行时间：0.024002s][吞吐率：41.66req/s] [内存消耗：1,644.06kb] [文件加载：47]
[ info ] [ LANG ] E:\xampp\htdocs\local.company.com\thinkphp\lang\zh-cn.php
[ info ] [ ROUTE ] array (
  'type' => 'module',
  'module' => 
  array (
    0 => NULL,
    1 => '',
    2 => NULL,
  ),
)
[ info ] [ HEADER ] array (
  'host' => 'local.company.com',
  'user-agent' => 'Mozilla/5.0 (Windows NT 6.1; WOW64; rv:52.0) Gecko/20100101 Firefox/52.0',
  'accept' => 'text/html,application/xhtml+xml,application/xml;q=0.9,*/*;q=0.8',
  'accept-language' => 'zh-CN,zh;q=0.8,en-US;q=0.5,en;q=0.3',
  'accept-encoding' => 'gzip, deflate',
  'referer' => 'http://local.company.com/public/index/peixun',
  'cookie' => 'pgv_pvi=2215779328',
  'connection' => 'keep-alive',
  'upgrade-insecure-requests' => '1',
  'cache-control' => 'max-age=0',
)
[ info ] [ PARAM ] array (
)
[ info ] [ RUN ] app\controller\Index->index[ E:\xampp\htdocs\local.company.com\application\controller\Index.php ]
[ info ] [ VIEW ] ../template/default/index.html [ array (
) ]
[ info ] [ LOG ] INIT File

---------------------------------------------------------------
[ 2017-04-11T16:17:10+08:00 ] 127.0.0.1 127.0.0.1 GET /public/index/peixun
[ log ] local.company.com/public/index/peixun [运行时间：0.026002s][吞吐率：38.46req/s] [内存消耗：1,793.45kb] [文件加载：49]
[ info ] [ LANG ] E:\xampp\htdocs\local.company.com\thinkphp\lang\zh-cn.php
[ info ] [ ROUTE ] array (
  'type' => 'module',
  'module' => 
  array (
    0 => NULL,
    1 => 'index',
    2 => 'peixun',
  ),
)
[ info ] [ HEADER ] array (
  'host' => 'local.company.com',
  'user-agent' => 'Mozilla/5.0 (Windows NT 6.1; WOW64; rv:52.0) Gecko/20100101 Firefox/52.0',
  'accept' => 'text/html,application/xhtml+xml,application/xml;q=0.9,*/*;q=0.8',
  'accept-language' => 'zh-CN,zh;q=0.8,en-US;q=0.5,en;q=0.3',
  'accept-encoding' => 'gzip, deflate',
  'referer' => 'http://local.company.com/public/',
  'cookie' => 'pgv_pvi=2215779328',
  'connection' => 'keep-alive',
  'upgrade-insecure-requests' => '1',
)
[ info ] [ PARAM ] array (
)
[ info ] [ RUN ] app\controller\Index->peixun[ E:\xampp\htdocs\local.company.com\application\controller\Index.php ]
[ info ] [ VIEW ] ../template/default/peixun.html [ array (
) ]
[ info ] [ LOG ] INIT File

---------------------------------------------------------------
[ 2017-04-11T16:17:16+08:00 ] 127.0.0.1 127.0.0.1 GET /public/index/peixun
[ log ] local.company.com/public/index/peixun [运行时间：0.022002s][吞吐率：45.45req/s] [内存消耗：1,644.27kb] [文件加载：47]
[ info ] [ LANG ] E:\xampp\htdocs\local.company.com\thinkphp\lang\zh-cn.php
[ info ] [ ROUTE ] array (
  'type' => 'module',
  'module' => 
  array (
    0 => NULL,
    1 => 'index',
    2 => 'peixun',
  ),
)
[ info ] [ HEADER ] array (
  'host' => 'local.company.com',
  'user-agent' => 'Mozilla/5.0 (Windows NT 6.1; WOW64; rv:52.0) Gecko/20100101 Firefox/52.0',
  'accept' => 'text/html,application/xhtml+xml,application/xml;q=0.9,*/*;q=0.8',
  'accept-language' => 'zh-CN,zh;q=0.8,en-US;q=0.5,en;q=0.3',
  'accept-encoding' => 'gzip, deflate',
  'referer' => 'http://local.company.com/public/',
  'cookie' => 'pgv_pvi=2215779328',
  'connection' => 'keep-alive',
  'upgrade-insecure-requests' => '1',
  'cache-control' => 'max-age=0',
)
[ info ] [ PARAM ] array (
)
[ info ] [ RUN ] app\controller\Index->peixun[ E:\xampp\htdocs\local.company.com\application\controller\Index.php ]
[ info ] [ VIEW ] ../template/default/peixun.html [ array (
) ]
[ info ] [ LOG ] INIT File

---------------------------------------------------------------
[ 2017-04-11T16:21:49+08:00 ] 127.0.0.1 127.0.0.1 GET /public/index/peixun
[ log ] local.company.com/public/index/peixun [运行时间：0.044002s][吞吐率：22.73req/s] [内存消耗：1,793.63kb] [文件加载：49]
[ info ] [ LANG ] E:\xampp\htdocs\local.company.com\thinkphp\lang\zh-cn.php
[ info ] [ ROUTE ] array (
  'type' => 'module',
  'module' => 
  array (
    0 => NULL,
    1 => 'index',
    2 => 'peixun',
  ),
)
[ info ] [ HEADER ] array (
  'host' => 'local.company.com',
  'user-agent' => 'Mozilla/5.0 (Windows NT 6.1; WOW64; rv:52.0) Gecko/20100101 Firefox/52.0',
  'accept' => 'text/html,application/xhtml+xml,application/xml;q=0.9,*/*;q=0.8',
  'accept-language' => 'zh-CN,zh;q=0.8,en-US;q=0.5,en;q=0.3',
  'accept-encoding' => 'gzip, deflate',
  'referer' => 'http://local.company.com/public/',
  'cookie' => 'pgv_pvi=2215779328',
  'connection' => 'keep-alive',
  'upgrade-insecure-requests' => '1',
  'cache-control' => 'max-age=0',
)
[ info ] [ PARAM ] array (
)
[ info ] [ RUN ] app\controller\Index->peixun[ E:\xampp\htdocs\local.company.com\application\controller\Index.php ]
[ info ] [ VIEW ] ../template/default/peixun.html [ array (
) ]
[ info ] [ LOG ] INIT File

---------------------------------------------------------------
[ 2017-04-11T16:21:51+08:00 ] 127.0.0.1 127.0.0.1 GET /public/index/peixun
[ log ] local.company.com/public/index/peixun [运行时间：0.041002s][吞吐率：24.39req/s] [内存消耗：1,644.27kb] [文件加载：47]
[ info ] [ LANG ] E:\xampp\htdocs\local.company.com\thinkphp\lang\zh-cn.php
[ info ] [ ROUTE ] array (
  'type' => 'module',
  'module' => 
  array (
    0 => NULL,
    1 => 'index',
    2 => 'peixun',
  ),
)
[ info ] [ HEADER ] array (
  'host' => 'local.company.com',
  'user-agent' => 'Mozilla/5.0 (Windows NT 6.1; WOW64; rv:52.0) Gecko/20100101 Firefox/52.0',
  'accept' => 'text/html,application/xhtml+xml,application/xml;q=0.9,*/*;q=0.8',
  'accept-language' => 'zh-CN,zh;q=0.8,en-US;q=0.5,en;q=0.3',
  'accept-encoding' => 'gzip, deflate',
  'referer' => 'http://local.company.com/public/',
  'cookie' => 'pgv_pvi=2215779328',
  'connection' => 'keep-alive',
  'upgrade-insecure-requests' => '1',
  'cache-control' => 'max-age=0',
)
[ info ] [ PARAM ] array (
)
[ info ] [ RUN ] app\controller\Index->peixun[ E:\xampp\htdocs\local.company.com\application\controller\Index.php ]
[ info ] [ VIEW ] ../template/default/peixun.html [ array (
) ]
[ info ] [ LOG ] INIT File

---------------------------------------------------------------
[ 2017-04-11T16:27:23+08:00 ] 127.0.0.1 127.0.0.1 GET /public/
[ log ] local.company.com/public/ [运行时间：0.025002s][吞吐率：40.00req/s] [内存消耗：1,643.79kb] [文件加载：47]
[ info ] [ LANG ] E:\xampp\htdocs\local.company.com\thinkphp\lang\zh-cn.php
[ info ] [ ROUTE ] array (
  'type' => 'module',
  'module' => 
  array (
    0 => NULL,
    1 => '',
    2 => NULL,
  ),
)
[ info ] [ HEADER ] array (
  'host' => 'local.company.com',
  'connection' => 'keep-alive',
  'cache-control' => 'max-age=0',
  'upgrade-insecure-requests' => '1',
  'user-agent' => 'Mozilla/5.0 (Windows NT 6.1; WOW64) AppleWebKit/537.36 (KHTML, like Gecko) Chrome/56.0.2924.87 Safari/537.36',
  'accept' => 'text/html,application/xhtml+xml,application/xml;q=0.9,image/webp,*/*;q=0.8',
  'accept-encoding' => 'gzip, deflate, sdch',
  'accept-language' => 'zh-CN,zh;q=0.8',
  'cookie' => 'pgv_pvi=1427088384',
)
[ info ] [ PARAM ] array (
)
[ info ] [ RUN ] app\controller\Index->index[ E:\xampp\htdocs\local.company.com\application\controller\Index.php ]
[ info ] [ VIEW ] ../template/default/index.html [ array (
) ]
[ info ] [ LOG ] INIT File

---------------------------------------------------------------
[ 2017-04-11T16:27:27+08:00 ] 127.0.0.1 127.0.0.1 GET /public/index/peixun
[ log ] local.company.com/public/index/peixun [运行时间：0.027002s][吞吐率：37.03req/s] [内存消耗：1,793.40kb] [文件加载：49]
[ info ] [ LANG ] E:\xampp\htdocs\local.company.com\thinkphp\lang\zh-cn.php
[ info ] [ ROUTE ] array (
  'type' => 'module',
  'module' => 
  array (
    0 => NULL,
    1 => 'index',
    2 => 'peixun',
  ),
)
[ info ] [ HEADER ] array (
  'host' => 'local.company.com',
  'connection' => 'keep-alive',
  'upgrade-insecure-requests' => '1',
  'user-agent' => 'Mozilla/5.0 (Windows NT 6.1; WOW64) AppleWebKit/537.36 (KHTML, like Gecko) Chrome/56.0.2924.87 Safari/537.36',
  'accept' => 'text/html,application/xhtml+xml,application/xml;q=0.9,image/webp,*/*;q=0.8',
  'referer' => 'http://local.company.com/public/',
  'accept-encoding' => 'gzip, deflate, sdch',
  'accept-language' => 'zh-CN,zh;q=0.8',
  'cookie' => 'pgv_pvi=1427088384',
)
[ info ] [ PARAM ] array (
)
[ info ] [ RUN ] app\controller\Index->peixun[ E:\xampp\htdocs\local.company.com\application\controller\Index.php ]
[ info ] [ VIEW ] ../template/default/peixun.html [ array (
) ]
[ info ] [ LOG ] INIT File

---------------------------------------------------------------
[ 2017-04-11T17:42:42+08:00 ] 127.0.0.1 127.0.0.1 GET /public/index/peixun
[ log ] local.company.com/public/index/peixun [运行时间：0.047002s][吞吐率：21.28req/s] [内存消耗：1,644.27kb] [文件加载：47]
[ info ] [ LANG ] E:\xampp\htdocs\local.company.com\thinkphp\lang\zh-cn.php
[ info ] [ ROUTE ] array (
  'type' => 'module',
  'module' => 
  array (
    0 => NULL,
    1 => 'index',
    2 => 'peixun',
  ),
)
[ info ] [ HEADER ] array (
  'host' => 'local.company.com',
  'user-agent' => 'Mozilla/5.0 (Windows NT 6.1; WOW64; rv:52.0) Gecko/20100101 Firefox/52.0',
  'accept' => 'text/html,application/xhtml+xml,application/xml;q=0.9,*/*;q=0.8',
  'accept-language' => 'zh-CN,zh;q=0.8,en-US;q=0.5,en;q=0.3',
  'accept-encoding' => 'gzip, deflate',
  'referer' => 'http://local.company.com/public/',
  'cookie' => 'pgv_pvi=2215779328',
  'connection' => 'keep-alive',
  'upgrade-insecure-requests' => '1',
  'cache-control' => 'max-age=0',
)
[ info ] [ PARAM ] array (
)
[ info ] [ RUN ] app\controller\Index->peixun[ E:\xampp\htdocs\local.company.com\application\controller\Index.php ]
[ info ] [ VIEW ] ../template/default/peixun.html [ array (
) ]
[ info ] [ LOG ] INIT File

---------------------------------------------------------------
