[ 2017-04-16T22:30:14+08:00 ] 127.0.0.1 127.0.0.1 GET /public/index.php
[ log ] local.zhongyan.com/public/index.php [运行时间：0.049000s][吞吐率：20.41req/s] [内存消耗：1,803.40kb] [文件加载：49]
[ info ] [ LANG ] D:\xampp\htdocs\zhongyan\thinkphp\lang\zh-cn.php
[ info ] [ ROUTE ] array (
  'type' => 'module',
  'module' => 
  array (
    0 => NULL,
    1 => '',
    2 => NULL,
  ),
)
[ info ] [ HEADER ] array (
  'host' => 'local.zhongyan.com',
  'user-agent' => 'Mozilla/5.0 (Windows NT 6.1; WOW64; rv:52.0) Gecko/20100101 Firefox/52.0',
  'accept' => 'text/html,application/xhtml+xml,application/xml;q=0.9,*/*;q=0.8',
  'accept-language' => 'zh-CN,zh;q=0.8,en-US;q=0.5,en;q=0.3',
  'accept-encoding' => 'gzip, deflate',
  'connection' => 'keep-alive',
  'upgrade-insecure-requests' => '1',
  'cache-control' => 'max-age=0',
)
[ info ] [ PARAM ] array (
)
[ info ] [ RUN ] app\controller\Index->index[ D:\xampp\htdocs\zhongyan\application\controller\Index.php ]
[ info ] [ VIEW ] ../template/default/index.html [ array (
) ]
[ info ] [ LOG ] INIT File

---------------------------------------------------------------
