[ 2017-03-31T10:25:57+08:00 ] 127.0.0.1 127.0.0.1 GET /public/
[ log ] local.company.com/public/ [运行时间：0.061004s][吞吐率：16.39req/s] [内存消耗：1,786.06kb] [文件加载：47]
[ info ] [ LANG ] E:\xampp\htdocs\local.company.com\thinkphp\lang\zh-cn.php
[ info ] [ ROUTE ] array (
  'type' => 'module',
  'module' => 
  array (
    0 => NULL,
    1 => '',
    2 => NULL,
  ),
)
[ info ] [ HEADER ] array (
  'host' => 'local.company.com',
  'user-agent' => 'Mozilla/5.0 (Windows NT 6.1; WOW64; rv:52.0) Gecko/20100101 Firefox/52.0',
  'accept' => 'text/html,application/xhtml+xml,application/xml;q=0.9,*/*;q=0.8',
  'accept-language' => 'zh-CN,zh;q=0.8,en-US;q=0.5,en;q=0.3',
  'accept-encoding' => 'gzip, deflate',
  'cookie' => 'pgv_pvi=2215779328',
  'connection' => 'keep-alive',
  'upgrade-insecure-requests' => '1',
)
[ info ] [ PARAM ] array (
)
[ info ] [ RUN ] app\controller\Index->index[ E:\xampp\htdocs\local.company.com\application\controller\Index.php ]
[ info ] [ VIEW ] ../template/default/index.html [ array (
) ]
[ info ] [ LOG ] INIT File

---------------------------------------------------------------
[ 2017-03-31T10:26:10+08:00 ] 127.0.0.1 127.0.0.1 GET /public/
[ log ] local.company.com/public/ [运行时间：0.025002s][吞吐率：40.00req/s] [内存消耗：1,642.09kb] [文件加载：45]
[ info ] [ LANG ] E:\xampp\htdocs\local.company.com\thinkphp\lang\zh-cn.php
[ info ] [ ROUTE ] array (
  'type' => 'module',
  'module' => 
  array (
    0 => NULL,
    1 => '',
    2 => NULL,
  ),
)
[ info ] [ HEADER ] array (
  'host' => 'local.company.com',
  'user-agent' => 'Mozilla/5.0 (Windows NT 6.1; WOW64; rv:52.0) Gecko/20100101 Firefox/52.0',
  'accept' => 'text/html,application/xhtml+xml,application/xml;q=0.9,*/*;q=0.8',
  'accept-language' => 'zh-CN,zh;q=0.8,en-US;q=0.5,en;q=0.3',
  'accept-encoding' => 'gzip, deflate',
  'cookie' => 'pgv_pvi=2215779328',
  'connection' => 'keep-alive',
  'upgrade-insecure-requests' => '1',
  'cache-control' => 'max-age=0',
)
[ info ] [ PARAM ] array (
)
[ info ] [ RUN ] app\controller\Index->index[ E:\xampp\htdocs\local.company.com\application\controller\Index.php ]
[ info ] [ VIEW ] ../template/default/index.html [ array (
) ]
[ info ] [ LOG ] INIT File

---------------------------------------------------------------
[ 2017-03-31T10:38:04+08:00 ] 127.0.0.1 127.0.0.1 GET /public/
[ log ] local.company.com/public/ [运行时间：0.025002s][吞吐率：40.00req/s] [内存消耗：1,642.09kb] [文件加载：45]
[ info ] [ LANG ] E:\xampp\htdocs\local.company.com\thinkphp\lang\zh-cn.php
[ info ] [ ROUTE ] array (
  'type' => 'module',
  'module' => 
  array (
    0 => NULL,
    1 => '',
    2 => NULL,
  ),
)
[ info ] [ HEADER ] array (
  'host' => 'local.company.com',
  'user-agent' => 'Mozilla/5.0 (Windows NT 6.1; WOW64; rv:52.0) Gecko/20100101 Firefox/52.0',
  'accept' => 'text/html,application/xhtml+xml,application/xml;q=0.9,*/*;q=0.8',
  'accept-language' => 'zh-CN,zh;q=0.8,en-US;q=0.5,en;q=0.3',
  'accept-encoding' => 'gzip, deflate',
  'cookie' => 'pgv_pvi=2215779328',
  'connection' => 'keep-alive',
  'upgrade-insecure-requests' => '1',
  'cache-control' => 'max-age=0',
)
[ info ] [ PARAM ] array (
)
[ info ] [ RUN ] app\controller\Index->index[ E:\xampp\htdocs\local.company.com\application\controller\Index.php ]
[ info ] [ VIEW ] ../template/default/index.html [ array (
) ]
[ info ] [ LOG ] INIT File

---------------------------------------------------------------
[ 2017-03-31T10:39:03+08:00 ] 127.0.0.1 127.0.0.1 GET /public/
[ log ] local.company.com/public/ [运行时间：0.024001s][吞吐率：41.66req/s] [内存消耗：1,642.09kb] [文件加载：45]
[ info ] [ LANG ] E:\xampp\htdocs\local.company.com\thinkphp\lang\zh-cn.php
[ info ] [ ROUTE ] array (
  'type' => 'module',
  'module' => 
  array (
    0 => NULL,
    1 => '',
    2 => NULL,
  ),
)
[ info ] [ HEADER ] array (
  'host' => 'local.company.com',
  'user-agent' => 'Mozilla/5.0 (Windows NT 6.1; WOW64; rv:52.0) Gecko/20100101 Firefox/52.0',
  'accept' => 'text/html,application/xhtml+xml,application/xml;q=0.9,*/*;q=0.8',
  'accept-language' => 'zh-CN,zh;q=0.8,en-US;q=0.5,en;q=0.3',
  'accept-encoding' => 'gzip, deflate',
  'cookie' => 'pgv_pvi=2215779328',
  'connection' => 'keep-alive',
  'upgrade-insecure-requests' => '1',
  'cache-control' => 'max-age=0',
)
[ info ] [ PARAM ] array (
)
[ info ] [ RUN ] app\controller\Index->index[ E:\xampp\htdocs\local.company.com\application\controller\Index.php ]
[ info ] [ VIEW ] ../template/default/index.html [ array (
) ]
[ info ] [ LOG ] INIT File

---------------------------------------------------------------
[ 2017-03-31T10:39:22+08:00 ] 127.0.0.1 127.0.0.1 GET /public/
[ log ] local.company.com/public/ [运行时间：0.023001s][吞吐率：43.48req/s] [内存消耗：1,641.94kb] [文件加载：45]
[ info ] [ LANG ] E:\xampp\htdocs\local.company.com\thinkphp\lang\zh-cn.php
[ info ] [ ROUTE ] array (
  'type' => 'module',
  'module' => 
  array (
    0 => NULL,
    1 => '',
    2 => NULL,
  ),
)
[ info ] [ HEADER ] array (
  'host' => 'local.company.com',
  'connection' => 'keep-alive',
  'upgrade-insecure-requests' => '1',
  'user-agent' => 'Mozilla/5.0 (Windows NT 6.1; WOW64) AppleWebKit/537.36 (KHTML, like Gecko) Chrome/56.0.2924.87 Safari/537.36',
  'accept' => 'text/html,application/xhtml+xml,application/xml;q=0.9,image/webp,*/*;q=0.8',
  'accept-encoding' => 'gzip, deflate, sdch',
  'accept-language' => 'zh-CN,zh;q=0.8',
  'cookie' => 'pgv_pvi=1427088384',
)
[ info ] [ PARAM ] array (
)
[ info ] [ RUN ] app\controller\Index->index[ E:\xampp\htdocs\local.company.com\application\controller\Index.php ]
[ info ] [ VIEW ] ../template/default/index.html [ array (
) ]
[ info ] [ LOG ] INIT File

---------------------------------------------------------------
